0 verbose cli /usr/bin/node /usr/bin/npm
1 info using npm@10.8.2
2 info using node@v18.20.8
3 silly config load:file:/usr/lib/node_modules/npm/npmrc
4 silly config load:file:/root/.npmrc
5 silly config load:file:/usr/etc/npmrc
6 verbose title npm install pm2
7 verbose argv "install" "--global" "pm2"
8 verbose logfile logs-max:10 dir:/root/.npm/_logs/2025-10-23T18_46_53_726Z-
9 verbose logfile /root/.npm/_logs/2025-10-23T18_46_53_726Z-debug-0.log
10 silly packumentCache heap:520880128 maxSize:130220032 maxEntrySize:65110016
11 silly logfile start cleaning logs, removing 1 files
12 silly logfile done cleaning log files
13 silly idealTree buildDeps
14 silly fetch manifest pm2@*
15 silly packumentCache full:https://registry.npmjs.org/pm2 cache-miss
16 http fetch GET 200 https://registry.npmjs.org/pm2 233ms (cache miss)
17 silly packumentCache full:https://registry.npmjs.org/pm2 set size:undefined disposed:false
18 silly placeDep ROOT pm2@6.0.13 OK for:  want: *
19 silly fetch manifest @pm2/agent@~2.1.1
20 silly packumentCache full:https://registry.npmjs.org/@pm2%2fagent cache-miss
21 http fetch GET 200 https://registry.npmjs.org/@pm2%2fagent 118ms (cache miss)
22 silly packumentCache full:https://registry.npmjs.org/@pm2%2fagent set size:undefined disposed:false
23 silly fetch manifest @pm2/js-api@~0.8.0
24 silly packumentCache full:https://registry.npmjs.org/@pm2%2fjs-api cache-miss
25 http fetch GET 200 https://registry.npmjs.org/@pm2%2fjs-api 75ms (cache miss)
26 silly packumentCache full:https://registry.npmjs.org/@pm2%2fjs-api set size:undefined disposed:false
27 silly fetch manifest @pm2/io@~6.1.0
28 silly packumentCache full:https://registry.npmjs.org/@pm2%2fio cache-miss
29 http fetch GET 200 https://registry.npmjs.org/@pm2%2fio 162ms (cache miss)
30 silly packumentCache full:https://registry.npmjs.org/@pm2%2fio set size:undefined disposed:false
31 silly fetch manifest @pm2/pm2-version-check@latest
32 silly packumentCache full:https://registry.npmjs.org/@pm2%2fpm2-version-check cache-miss
33 http fetch GET 200 https://registry.npmjs.org/@pm2%2fpm2-version-check 96ms (cache miss)
34 silly packumentCache full:https://registry.npmjs.org/@pm2%2fpm2-version-check set size:undefined disposed:false
35 silly fetch manifest ansis@4.0.0-node10
36 silly packumentCache full:https://registry.npmjs.org/ansis cache-miss
37 http fetch GET 200 https://registry.npmjs.org/ansis 65ms (cache miss)
38 silly packumentCache full:https://registry.npmjs.org/ansis set size:undefined disposed:false
39 silly fetch manifest async@3.2.6
40 silly packumentCache full:https://registry.npmjs.org/async cache-miss
41 http fetch GET 200 https://registry.npmjs.org/async 77ms (cache miss)
42 silly packumentCache full:https://registry.npmjs.org/async set size:undefined disposed:false
43 silly fetch manifest @pm2/blessed@0.1.81
44 silly packumentCache full:https://registry.npmjs.org/@pm2%2fblessed cache-miss
45 http fetch GET 200 https://registry.npmjs.org/@pm2%2fblessed 73ms (cache miss)
46 silly packumentCache full:https://registry.npmjs.org/@pm2%2fblessed set size:undefined disposed:false
47 silly fetch manifest chokidar@3.6.0
48 silly packumentCache full:https://registry.npmjs.org/chokidar cache-miss
49 http fetch GET 200 https://registry.npmjs.org/chokidar 61ms (cache revalidated)
50 silly packumentCache full:https://registry.npmjs.org/chokidar set size:253451 disposed:false
51 silly fetch manifest cli-tableau@2.0.1
52 silly packumentCache full:https://registry.npmjs.org/cli-tableau cache-miss
53 http fetch GET 200 https://registry.npmjs.org/cli-tableau 53ms (cache miss)
54 silly packumentCache full:https://registry.npmjs.org/cli-tableau set size:undefined disposed:false
55 silly fetch manifest commander@2.15.1
56 silly packumentCache full:https://registry.npmjs.org/commander cache-miss
57 http fetch GET 200 https://registry.npmjs.org/commander 78ms (cache miss)
58 silly packumentCache full:https://registry.npmjs.org/commander set size:undefined disposed:false
59 silly fetch manifest croner@4.1.97
60 silly packumentCache full:https://registry.npmjs.org/croner cache-miss
61 http fetch GET 200 https://registry.npmjs.org/croner 65ms (cache miss)
62 silly packumentCache full:https://registry.npmjs.org/croner set size:undefined disposed:false
63 silly fetch manifest dayjs@1.11.15
64 silly packumentCache full:https://registry.npmjs.org/dayjs cache-miss
65 http fetch GET 200 https://registry.npmjs.org/dayjs 136ms (cache miss)
66 silly packumentCache full:https://registry.npmjs.org/dayjs set size:undefined disposed:false
67 silly fetch manifest debug@4.4.3
68 silly packumentCache full:https://registry.npmjs.org/debug cache-miss
69 http fetch GET 200 https://registry.npmjs.org/debug 38ms (cache revalidated)
70 silly packumentCache full:https://registry.npmjs.org/debug set size:195840 disposed:false
71 silly fetch manifest enquirer@2.3.6
72 silly packumentCache full:https://registry.npmjs.org/enquirer cache-miss
73 http fetch GET 200 https://registry.npmjs.org/enquirer 48ms (cache miss)
74 silly packumentCache full:https://registry.npmjs.org/enquirer set size:undefined disposed:false
75 silly fetch manifest eventemitter2@5.0.1
76 silly packumentCache full:https://registry.npmjs.org/eventemitter2 cache-miss
77 http fetch GET 200 https://registry.npmjs.org/eventemitter2 52ms (cache miss)
78 silly packumentCache full:https://registry.npmjs.org/eventemitter2 set size:undefined disposed:false
79 silly fetch manifest fclone@1.0.11
80 silly packumentCache full:https://registry.npmjs.org/fclone cache-miss
81 http fetch GET 200 https://registry.npmjs.org/fclone 40ms (cache miss)
82 silly packumentCache full:https://registry.npmjs.org/fclone set size:undefined disposed:false
83 silly fetch manifest mkdirp@1.0.4
84 silly packumentCache full:https://registry.npmjs.org/mkdirp cache-miss
85 http fetch GET 200 https://registry.npmjs.org/mkdirp 42ms (cache miss)
86 silly packumentCache full:https://registry.npmjs.org/mkdirp set size:undefined disposed:false
87 silly fetch manifest needle@2.4.0
88 silly packumentCache full:https://registry.npmjs.org/needle cache-miss
89 http fetch GET 200 https://registry.npmjs.org/needle 50ms (cache miss)
90 silly packumentCache full:https://registry.npmjs.org/needle set size:undefined disposed:false
91 silly fetch manifest pidusage@3.0.2
92 silly packumentCache full:https://registry.npmjs.org/pidusage cache-miss
93 http fetch GET 200 https://registry.npmjs.org/pidusage 41ms (cache miss)
94 silly packumentCache full:https://registry.npmjs.org/pidusage set size:undefined disposed:false
95 silly fetch manifest pm2-axon@~4.0.1
96 silly packumentCache full:https://registry.npmjs.org/pm2-axon cache-miss
97 http fetch GET 200 https://registry.npmjs.org/pm2-axon 55ms (cache miss)
98 silly packumentCache full:https://registry.npmjs.org/pm2-axon set size:undefined disposed:false
99 silly fetch manifest pm2-axon-rpc@~0.7.1
100 silly packumentCache full:https://registry.npmjs.org/pm2-axon-rpc cache-miss
101 http fetch GET 200 https://registry.npmjs.org/pm2-axon-rpc 48ms (cache miss)
102 silly packumentCache full:https://registry.npmjs.org/pm2-axon-rpc set size:undefined disposed:false
103 silly fetch manifest pm2-deploy@~1.0.2
104 silly packumentCache full:https://registry.npmjs.org/pm2-deploy cache-miss
105 http fetch GET 200 https://registry.npmjs.org/pm2-deploy 60ms (cache miss)
106 silly packumentCache full:https://registry.npmjs.org/pm2-deploy set size:undefined disposed:false
107 silly fetch manifest pm2-multimeter@^0.1.2
108 silly packumentCache full:https://registry.npmjs.org/pm2-multimeter cache-miss
109 http fetch GET 200 https://registry.npmjs.org/pm2-multimeter 52ms (cache miss)
110 silly packumentCache full:https://registry.npmjs.org/pm2-multimeter set size:undefined disposed:false
111 silly fetch manifest promptly@2.2.0
112 silly packumentCache full:https://registry.npmjs.org/promptly cache-miss
113 http fetch GET 200 https://registry.npmjs.org/promptly 58ms (cache miss)
114 silly packumentCache full:https://registry.npmjs.org/promptly set size:undefined disposed:false
115 silly fetch manifest semver@7.7.2
116 silly packumentCache full:https://registry.npmjs.org/semver cache-miss
117 http fetch GET 200 https://registry.npmjs.org/semver 33ms (cache revalidated)
118 silly packumentCache full:https://registry.npmjs.org/semver set size:226907 disposed:false
119 silly fetch manifest source-map-support@0.5.21
120 silly packumentCache full:https://registry.npmjs.org/source-map-support cache-miss
121 http fetch GET 200 https://registry.npmjs.org/source-map-support 43ms (cache miss)
122 silly packumentCache full:https://registry.npmjs.org/source-map-support set size:undefined disposed:false
123 silly fetch manifest sprintf-js@1.1.2
124 silly packumentCache full:https://registry.npmjs.org/sprintf-js cache-miss
125 http fetch GET 200 https://registry.npmjs.org/sprintf-js 46ms (cache miss)
126 silly packumentCache full:https://registry.npmjs.org/sprintf-js set size:undefined disposed:false
127 silly fetch manifest vizion@~2.2.1
128 silly packumentCache full:https://registry.npmjs.org/vizion cache-miss
129 http fetch GET 200 https://registry.npmjs.org/vizion 99ms (cache miss)
130 silly packumentCache full:https://registry.npmjs.org/vizion set size:undefined disposed:false
131 silly fetch manifest js-yaml@4.1.0
132 silly packumentCache full:https://registry.npmjs.org/js-yaml cache-miss
133 http fetch GET 200 https://registry.npmjs.org/js-yaml 53ms (cache miss)
134 silly packumentCache full:https://registry.npmjs.org/js-yaml set size:undefined disposed:false
135 silly fetch manifest pm2-sysmonit@^1.2.8
136 silly packumentCache full:https://registry.npmjs.org/pm2-sysmonit cache-miss
137 http fetch GET 200 https://registry.npmjs.org/pm2-sysmonit 48ms (cache miss)
138 silly packumentCache full:https://registry.npmjs.org/pm2-sysmonit set size:undefined disposed:false
139 silly placeDep node_modules/pm2 @pm2/agent@2.1.1 OK for: pm2@6.0.13 want: ~2.1.1
140 silly placeDep node_modules/pm2 @pm2/blessed@0.1.81 OK for: pm2@6.0.13 want: 0.1.81
141 silly placeDep node_modules/pm2 @pm2/io@6.1.0 OK for: pm2@6.0.13 want: ~6.1.0
142 silly placeDep node_modules/pm2 @pm2/js-api@0.8.0 OK for: pm2@6.0.13 want: ~0.8.0
143 silly placeDep node_modules/pm2 @pm2/pm2-version-check@1.0.4 OK for: pm2@6.0.13 want: latest
144 silly placeDep node_modules/pm2 ansis@4.0.0-node10 OK for: pm2@6.0.13 want: 4.0.0-node10
145 silly placeDep node_modules/pm2 async@3.2.6 OK for: pm2@6.0.13 want: 3.2.6
146 silly placeDep node_modules/pm2 chokidar@3.6.0 OK for: pm2@6.0.13 want: 3.6.0
147 silly placeDep node_modules/pm2 cli-tableau@2.0.1 OK for: pm2@6.0.13 want: 2.0.1
148 silly placeDep node_modules/pm2 commander@2.15.1 OK for: pm2@6.0.13 want: 2.15.1
149 silly placeDep node_modules/pm2 croner@4.1.97 OK for: pm2@6.0.13 want: 4.1.97
150 silly placeDep node_modules/pm2 dayjs@1.11.15 OK for: pm2@6.0.13 want: 1.11.15
151 silly placeDep node_modules/pm2 debug@4.4.3 OK for: pm2@6.0.13 want: 4.4.3
152 silly placeDep node_modules/pm2 enquirer@2.3.6 OK for: pm2@6.0.13 want: 2.3.6
153 silly placeDep node_modules/pm2 eventemitter2@5.0.1 OK for: pm2@6.0.13 want: 5.0.1
154 silly placeDep node_modules/pm2 fclone@1.0.11 OK for: pm2@6.0.13 want: 1.0.11
155 silly placeDep node_modules/pm2 js-yaml@4.1.0 OK for: pm2@6.0.13 want: 4.1.0
156 silly placeDep node_modules/pm2 mkdirp@1.0.4 OK for: pm2@6.0.13 want: 1.0.4
157 silly placeDep node_modules/pm2 needle@2.4.0 OK for: pm2@6.0.13 want: 2.4.0
158 silly placeDep node_modules/pm2 pidusage@3.0.2 OK for: pm2@6.0.13 want: 3.0.2
159 silly placeDep node_modules/pm2 pm2-axon@4.0.1 OK for: pm2@6.0.13 want: ~4.0.1
160 silly placeDep node_modules/pm2 pm2-axon-rpc@0.7.1 OK for: pm2@6.0.13 want: ~0.7.1
161 silly placeDep node_modules/pm2 pm2-deploy@1.0.2 OK for: pm2@6.0.13 want: ~1.0.2
162 silly placeDep node_modules/pm2 pm2-multimeter@0.1.2 OK for: pm2@6.0.13 want: ^0.1.2
163 silly placeDep node_modules/pm2 pm2-sysmonit@1.2.8 OK for: pm2@6.0.13 want: ^1.2.8
164 silly placeDep node_modules/pm2 promptly@2.2.0 OK for: pm2@6.0.13 want: 2.2.0
165 silly placeDep node_modules/pm2 semver@7.7.2 OK for: pm2@6.0.13 want: 7.7.2
166 silly placeDep node_modules/pm2 source-map-support@0.5.21 OK for: pm2@6.0.13 want: 0.5.21
167 silly placeDep node_modules/pm2 sprintf-js@1.1.2 OK for: pm2@6.0.13 want: 1.1.2
168 silly placeDep node_modules/pm2 vizion@2.2.1 OK for: pm2@6.0.13 want: ~2.2.1
169 silly fetch manifest async@~3.2.0
170 silly packumentCache full:https://registry.npmjs.org/async cache-miss
171 http fetch GET 200 https://registry.npmjs.org/async 10ms (cache hit)
172 silly packumentCache full:https://registry.npmjs.org/async set size:230496 disposed:false
173 silly fetch manifest chalk@~3.0.0
174 silly packumentCache full:https://registry.npmjs.org/chalk cache-miss
175 http fetch GET 200 https://registry.npmjs.org/chalk 40ms (cache miss)
176 silly packumentCache full:https://registry.npmjs.org/chalk set size:undefined disposed:false
177 silly fetch manifest dayjs@~1.8.24
178 silly packumentCache full:https://registry.npmjs.org/dayjs cache-miss
179 http fetch GET 200 https://registry.npmjs.org/dayjs 7ms (cache hit)
180 silly packumentCache full:https://registry.npmjs.org/dayjs set size:479589 disposed:false
181 silly fetch manifest debug@~4.3.1
182 silly packumentCache full:https://registry.npmjs.org/debug cache-hit
183 silly fetch manifest eventemitter2@~5.0.1
184 silly packumentCache full:https://registry.npmjs.org/eventemitter2 cache-miss
185 http fetch GET 200 https://registry.npmjs.org/eventemitter2 6ms (cache hit)
186 silly packumentCache full:https://registry.npmjs.org/eventemitter2 set size:172525 disposed:false
187 silly fetch manifest fast-json-patch@^3.1.0
188 silly packumentCache full:https://registry.npmjs.org/fast-json-patch cache-miss
189 http fetch GET 200 https://registry.npmjs.org/fast-json-patch 39ms (cache miss)
190 silly packumentCache full:https://registry.npmjs.org/fast-json-patch set size:undefined disposed:false
191 silly fetch manifest fclone@~1.0.11
192 silly packumentCache full:https://registry.npmjs.org/fclone cache-miss
193 http fetch GET 200 https://registry.npmjs.org/fclone 12ms (cache hit)
194 silly packumentCache full:https://registry.npmjs.org/fclone set size:19653 disposed:false
195 silly fetch manifest pm2-axon-rpc@~0.7.0
196 silly packumentCache full:https://registry.npmjs.org/pm2-axon-rpc cache-miss
197 http fetch GET 200 https://registry.npmjs.org/pm2-axon-rpc 69ms (cache hit)
198 silly packumentCache full:https://registry.npmjs.org/pm2-axon-rpc set size:41743 disposed:false
199 silly fetch manifest proxy-agent@~6.4.0
200 silly packumentCache full:https://registry.npmjs.org/proxy-agent cache-miss
201 http fetch GET 200 https://registry.npmjs.org/proxy-agent 41ms (cache miss)
202 silly packumentCache full:https://registry.npmjs.org/proxy-agent set size:undefined disposed:false
203 silly fetch manifest semver@~7.5.0
204 silly packumentCache full:https://registry.npmjs.org/semver cache-hit
205 silly fetch manifest ws@~7.5.10
206 silly packumentCache full:https://registry.npmjs.org/ws cache-miss
207 http fetch GET 200 https://registry.npmjs.org/ws 58ms (cache miss)
208 silly packumentCache full:https://registry.npmjs.org/ws set size:undefined disposed:false
209 silly fetch manifest async@~2.6.1
210 silly packumentCache full:https://registry.npmjs.org/async cache-hit
211 silly fetch manifest eventemitter2@^6.3.1
212 silly packumentCache full:https://registry.npmjs.org/eventemitter2 cache-hit
213 silly fetch manifest require-in-the-middle@^5.0.0
214 silly packumentCache full:https://registry.npmjs.org/require-in-the-middle cache-miss
215 http fetch GET 200 https://registry.npmjs.org/require-in-the-middle 46ms (cache miss)
216 silly packumentCache full:https://registry.npmjs.org/require-in-the-middle set size:undefined disposed:false
217 silly fetch manifest semver@~7.5.4
218 silly packumentCache full:https://registry.npmjs.org/semver cache-hit
219 silly fetch manifest shimmer@^1.2.0
220 silly packumentCache full:https://registry.npmjs.org/shimmer cache-miss
221 http fetch GET 200 https://registry.npmjs.org/shimmer 40ms (cache miss)
222 silly packumentCache full:https://registry.npmjs.org/shimmer set size:undefined disposed:false
223 silly fetch manifest signal-exit@^3.0.3
224 silly packumentCache full:https://registry.npmjs.org/signal-exit cache-miss
225 http fetch GET 200 https://registry.npmjs.org/signal-exit 54ms (cache miss)
226 silly packumentCache full:https://registry.npmjs.org/signal-exit set size:undefined disposed:false
227 silly fetch manifest tslib@1.9.3
228 silly packumentCache full:https://registry.npmjs.org/tslib cache-miss
229 http fetch GET 200 https://registry.npmjs.org/tslib 35ms (cache miss)
230 silly packumentCache full:https://registry.npmjs.org/tslib set size:undefined disposed:false
231 silly fetch manifest async@^2.6.3
232 silly packumentCache full:https://registry.npmjs.org/async cache-hit
233 silly fetch manifest extrareqp2@^1.0.0
234 silly packumentCache full:https://registry.npmjs.org/extrareqp2 cache-miss
235 http fetch GET 200 https://registry.npmjs.org/extrareqp2 33ms (cache miss)
236 silly packumentCache full:https://registry.npmjs.org/extrareqp2 set size:undefined disposed:false
237 silly fetch manifest ws@^7.0.0
238 silly packumentCache full:https://registry.npmjs.org/ws cache-miss
239 http fetch GET 200 https://registry.npmjs.org/ws 18ms (cache hit)
240 silly packumentCache full:https://registry.npmjs.org/ws set size:410885 disposed:false
241 silly fetch manifest debug@^4.3.1
242 silly packumentCache full:https://registry.npmjs.org/debug cache-hit
243 silly fetch manifest braces@~3.0.2
244 silly packumentCache full:https://registry.npmjs.org/braces cache-miss
245 http fetch GET 200 https://registry.npmjs.org/braces 53ms (cache revalidated)
246 silly packumentCache full:https://registry.npmjs.org/braces set size:114529 disposed:false
247 silly fetch manifest is-glob@~4.0.1
248 silly packumentCache full:https://registry.npmjs.org/is-glob cache-miss
249 http fetch GET 200 https://registry.npmjs.org/is-glob 41ms (cache revalidated)
250 silly packumentCache full:https://registry.npmjs.org/is-glob set size:40530 disposed:false
251 silly fetch manifest anymatch@~3.1.2
252 silly packumentCache full:https://registry.npmjs.org/anymatch cache-miss
253 http fetch GET 200 https://registry.npmjs.org/anymatch 55ms (cache revalidated)
254 silly packumentCache full:https://registry.npmjs.org/anymatch set size:42974 disposed:false
255 silly fetch manifest readdirp@~3.6.0
256 silly packumentCache full:https://registry.npmjs.org/readdirp cache-miss
257 http fetch GET 200 https://registry.npmjs.org/readdirp 57ms (cache revalidated)
258 silly packumentCache full:https://registry.npmjs.org/readdirp set size:105089 disposed:false
259 silly fetch manifest glob-parent@~5.1.2
260 silly packumentCache full:https://registry.npmjs.org/glob-parent cache-miss
261 http fetch GET 200 https://registry.npmjs.org/glob-parent 101ms (cache revalidated)
262 silly packumentCache full:https://registry.npmjs.org/glob-parent set size:42445 disposed:false
263 silly fetch manifest is-binary-path@~2.1.0
264 silly packumentCache full:https://registry.npmjs.org/is-binary-path cache-miss
265 http fetch GET 200 https://registry.npmjs.org/is-binary-path 51ms (cache revalidated)
266 silly packumentCache full:https://registry.npmjs.org/is-binary-path set size:13475 disposed:false
267 silly fetch manifest normalize-path@~3.0.0
268 silly packumentCache full:https://registry.npmjs.org/normalize-path cache-miss
269 http fetch GET 200 https://registry.npmjs.org/normalize-path 71ms (cache revalidated)
270 silly packumentCache full:https://registry.npmjs.org/normalize-path set size:28713 disposed:false
271 silly fetch manifest fsevents@~2.3.2
272 silly packumentCache full:https://registry.npmjs.org/fsevents cache-miss
273 http fetch GET 200 https://registry.npmjs.org/fsevents 67ms (cache revalidated)
274 silly packumentCache full:https://registry.npmjs.org/fsevents set size:182472 disposed:false
275 silly fetch manifest chalk@3.0.0
276 silly packumentCache full:https://registry.npmjs.org/chalk cache-miss
277 http fetch GET 200 https://registry.npmjs.org/chalk 5ms (cache hit)
278 silly packumentCache full:https://registry.npmjs.org/chalk set size:117844 disposed:false
279 silly fetch manifest ms@^2.1.3
280 silly packumentCache full:https://registry.npmjs.org/ms cache-miss
281 http fetch GET 200 https://registry.npmjs.org/ms 37ms (cache revalidated)
282 silly packumentCache full:https://registry.npmjs.org/ms set size:92208 disposed:false
283 silly fetch manifest ansi-colors@^4.1.1
284 silly packumentCache full:https://registry.npmjs.org/ansi-colors cache-miss
285 http fetch GET 200 https://registry.npmjs.org/ansi-colors 42ms (cache miss)
286 silly packumentCache full:https://registry.npmjs.org/ansi-colors set size:undefined disposed:false
287 silly fetch manifest argparse@^2.0.1
288 silly packumentCache full:https://registry.npmjs.org/argparse cache-miss
289 http fetch GET 200 https://registry.npmjs.org/argparse 67ms (cache miss)
290 silly packumentCache full:https://registry.npmjs.org/argparse set size:undefined disposed:false
291 silly fetch manifest debug@^3.2.6
292 silly packumentCache full:https://registry.npmjs.org/debug cache-hit
293 silly fetch manifest iconv-lite@^0.4.4
294 silly packumentCache full:https://registry.npmjs.org/iconv-lite cache-miss
295 http fetch GET 200 https://registry.npmjs.org/iconv-lite 37ms (cache revalidated)
296 silly packumentCache full:https://registry.npmjs.org/iconv-lite set size:118890 disposed:false
297 silly fetch manifest sax@^1.2.4
298 silly packumentCache full:https://registry.npmjs.org/sax cache-miss
299 http fetch GET 200 https://registry.npmjs.org/sax 43ms (cache miss)
300 silly packumentCache full:https://registry.npmjs.org/sax set size:undefined disposed:false
301 silly fetch manifest safe-buffer@^5.2.1
302 silly packumentCache full:https://registry.npmjs.org/safe-buffer cache-miss
303 http fetch GET 200 https://registry.npmjs.org/safe-buffer 56ms (cache revalidated)
304 silly packumentCache full:https://registry.npmjs.org/safe-buffer set size:41183 disposed:false
305 silly fetch manifest amp@~0.3.1
306 silly packumentCache full:https://registry.npmjs.org/amp cache-miss
307 http fetch GET 200 https://registry.npmjs.org/amp 35ms (cache miss)
308 silly packumentCache full:https://registry.npmjs.org/amp set size:undefined disposed:false
309 silly fetch manifest amp-message@~0.1.1
310 silly packumentCache full:https://registry.npmjs.org/amp-message cache-miss
311 http fetch GET 200 https://registry.npmjs.org/amp-message 43ms (cache miss)
312 silly packumentCache full:https://registry.npmjs.org/amp-message set size:undefined disposed:false
313 silly fetch manifest escape-string-regexp@^4.0.0
314 silly packumentCache full:https://registry.npmjs.org/escape-string-regexp cache-miss
315 http fetch GET 200 https://registry.npmjs.org/escape-string-regexp 35ms (cache miss)
316 silly packumentCache full:https://registry.npmjs.org/escape-string-regexp set size:undefined disposed:false
317 silly fetch manifest run-series@^1.1.8
318 silly packumentCache full:https://registry.npmjs.org/run-series cache-miss
319 http fetch GET 200 https://registry.npmjs.org/run-series 104ms (cache miss)
320 silly packumentCache full:https://registry.npmjs.org/run-series set size:undefined disposed:false
321 silly fetch manifest tv4@^1.3.0
322 silly packumentCache full:https://registry.npmjs.org/tv4 cache-miss
323 http fetch GET 200 https://registry.npmjs.org/tv4 62ms (cache miss)
324 silly packumentCache full:https://registry.npmjs.org/tv4 set size:undefined disposed:false
325 silly fetch manifest charm@~0.1.1
326 silly packumentCache full:https://registry.npmjs.org/charm cache-miss
327 http fetch GET 200 https://registry.npmjs.org/charm 47ms (cache miss)
328 silly packumentCache full:https://registry.npmjs.org/charm set size:undefined disposed:false
329 silly fetch manifest pidusage@^2.0.21
330 silly packumentCache full:https://registry.npmjs.org/pidusage cache-miss
331 http fetch GET 200 https://registry.npmjs.org/pidusage 7ms (cache hit)
332 silly packumentCache full:https://registry.npmjs.org/pidusage set size:111034 disposed:false
333 silly fetch manifest systeminformation@^5.7
334 silly packumentCache full:https://registry.npmjs.org/systeminformation cache-miss
335 http fetch GET 200 https://registry.npmjs.org/systeminformation 107ms (cache miss)
336 silly packumentCache full:https://registry.npmjs.org/systeminformation set size:undefined disposed:false
337 silly fetch manifest tx2@~1.0.4
338 silly packumentCache full:https://registry.npmjs.org/tx2 cache-miss
339 http fetch GET 200 https://registry.npmjs.org/tx2 95ms (cache miss)
340 silly packumentCache full:https://registry.npmjs.org/tx2 set size:undefined disposed:false
341 silly fetch manifest read@^1.0.4
342 silly packumentCache full:https://registry.npmjs.org/read cache-miss
343 http fetch GET 200 https://registry.npmjs.org/read 43ms (cache miss)
344 silly packumentCache full:https://registry.npmjs.org/read set size:undefined disposed:false
345 silly fetch manifest buffer-from@^1.0.0
346 silly packumentCache full:https://registry.npmjs.org/buffer-from cache-miss
347 http fetch GET 200 https://registry.npmjs.org/buffer-from 29ms (cache miss)
348 silly packumentCache full:https://registry.npmjs.org/buffer-from set size:undefined disposed:false
349 silly fetch manifest source-map@^0.6.0
350 silly packumentCache full:https://registry.npmjs.org/source-map cache-miss
351 http fetch GET 200 https://registry.npmjs.org/source-map 33ms (cache miss)
352 silly packumentCache full:https://registry.npmjs.org/source-map set size:undefined disposed:false
353 silly fetch manifest git-node-fs@^1.0.0
354 silly packumentCache full:https://registry.npmjs.org/git-node-fs cache-miss
355 http fetch GET 200 https://registry.npmjs.org/git-node-fs 48ms (cache miss)
356 silly packumentCache full:https://registry.npmjs.org/git-node-fs set size:undefined disposed:false
357 silly fetch manifest ini@^1.3.5
358 silly packumentCache full:https://registry.npmjs.org/ini cache-miss
359 http fetch GET 200 https://registry.npmjs.org/ini 63ms (cache miss)
360 silly packumentCache full:https://registry.npmjs.org/ini set size:undefined disposed:false
361 silly fetch manifest js-git@^0.7.8
362 silly packumentCache full:https://registry.npmjs.org/js-git cache-miss
363 http fetch GET 200 https://registry.npmjs.org/js-git 36ms (cache miss)
364 silly packumentCache full:https://registry.npmjs.org/js-git set size:undefined disposed:false
365 silly fetch manifest bufferutil@^4.0.1
366 silly packumentCache full:https://registry.npmjs.org/bufferutil cache-miss
367 http fetch GET 200 https://registry.npmjs.org/bufferutil 45ms (cache miss)
368 silly packumentCache full:https://registry.npmjs.org/bufferutil set size:undefined disposed:false
369 silly fetch manifest utf-8-validate@^5.0.2
370 silly packumentCache full:https://registry.npmjs.org/utf-8-validate cache-miss
371 http fetch GET 200 https://registry.npmjs.org/utf-8-validate 53ms (cache miss)
372 silly packumentCache full:https://registry.npmjs.org/utf-8-validate set size:undefined disposed:false
373 silly placeDep node_modules/pm2 chalk@3.0.0 OK for: @pm2/agent@2.1.1 want: ~3.0.0
374 silly placeDep node_modules/pm2/node_modules/@pm2/agent dayjs@1.8.36 OK for: @pm2/agent@2.1.1 want: ~1.8.24
375 silly placeDep node_modules/pm2/node_modules/@pm2/agent debug@4.3.7 OK for: @pm2/agent@2.1.1 want: ~4.3.1
376 silly placeDep node_modules/pm2 fast-json-patch@3.1.1 OK for: @pm2/agent@2.1.1 want: ^3.1.0
377 silly placeDep node_modules/pm2 proxy-agent@6.4.0 OK for: @pm2/agent@2.1.1 want: ~6.4.0
378 silly placeDep node_modules/pm2/node_modules/@pm2/agent semver@7.5.4 OK for: @pm2/agent@2.1.1 want: ~7.5.0
379 silly placeDep node_modules/pm2 ws@7.5.10 OK for: @pm2/agent@2.1.1 want: ~7.5.10
380 silly fetch manifest ansi-styles@^4.1.0
381 silly packumentCache full:https://registry.npmjs.org/ansi-styles cache-miss
382 http fetch GET 200 https://registry.npmjs.org/ansi-styles 54ms (cache miss)
383 silly packumentCache full:https://registry.npmjs.org/ansi-styles set size:undefined disposed:false
384 silly fetch manifest supports-color@^7.1.0
385 silly packumentCache full:https://registry.npmjs.org/supports-color cache-miss
386 http fetch GET 200 https://registry.npmjs.org/supports-color 44ms (cache revalidated)
387 silly packumentCache full:https://registry.npmjs.org/supports-color set size:118680 disposed:false
388 silly fetch manifest lru-cache@^7.14.1
389 silly packumentCache full:https://registry.npmjs.org/lru-cache cache-miss
390 http fetch GET 200 https://registry.npmjs.org/lru-cache 40ms (cache miss)
391 silly packumentCache full:https://registry.npmjs.org/lru-cache set size:undefined disposed:false
392 silly fetch manifest agent-base@^7.0.2
393 silly packumentCache full:https://registry.npmjs.org/agent-base cache-miss
394 http fetch GET 200 https://registry.npmjs.org/agent-base 36ms (cache miss)
395 silly packumentCache full:https://registry.npmjs.org/agent-base set size:undefined disposed:false
396 silly fetch manifest proxy-from-env@^1.1.0
397 silly packumentCache full:https://registry.npmjs.org/proxy-from-env cache-miss
398 http fetch GET 200 https://registry.npmjs.org/proxy-from-env 41ms (cache miss)
399 silly packumentCache full:https://registry.npmjs.org/proxy-from-env set size:undefined disposed:false
400 silly fetch manifest pac-proxy-agent@^7.0.1
401 silly packumentCache full:https://registry.npmjs.org/pac-proxy-agent cache-miss
402 http fetch GET 200 https://registry.npmjs.org/pac-proxy-agent 42ms (cache miss)
403 silly packumentCache full:https://registry.npmjs.org/pac-proxy-agent set size:undefined disposed:false
404 silly fetch manifest http-proxy-agent@^7.0.1
405 silly packumentCache full:https://registry.npmjs.org/http-proxy-agent cache-miss
406 http fetch GET 200 https://registry.npmjs.org/http-proxy-agent 45ms (cache miss)
407 silly packumentCache full:https://registry.npmjs.org/http-proxy-agent set size:undefined disposed:false
408 silly fetch manifest https-proxy-agent@^7.0.3
409 silly packumentCache full:https://registry.npmjs.org/https-proxy-agent cache-miss
410 http fetch GET 200 https://registry.npmjs.org/https-proxy-agent 92ms (cache miss)
411 silly packumentCache full:https://registry.npmjs.org/https-proxy-agent set size:undefined disposed:false
412 silly fetch manifest socks-proxy-agent@^8.0.2
413 silly packumentCache full:https://registry.npmjs.org/socks-proxy-agent cache-miss
414 http fetch GET 200 https://registry.npmjs.org/socks-proxy-agent 55ms (cache miss)
415 silly packumentCache full:https://registry.npmjs.org/socks-proxy-agent set size:undefined disposed:false
416 silly fetch manifest lru-cache@^6.0.0
417 silly packumentCache full:https://registry.npmjs.org/lru-cache cache-miss
418 http fetch GET 200 https://registry.npmjs.org/lru-cache 8ms (cache hit)
419 silly packumentCache full:https://registry.npmjs.org/lru-cache set size:400387 disposed:false
420 silly placeDep node_modules/pm2/node_modules/@pm2/io async@2.6.4 OK for: @pm2/io@6.1.0 want: ~2.6.1
421 silly placeDep node_modules/pm2/node_modules/@pm2/io debug@4.3.7 OK for: @pm2/io@6.1.0 want: ~4.3.1
422 silly placeDep node_modules/pm2/node_modules/@pm2/io eventemitter2@6.4.9 OK for: @pm2/io@6.1.0 want: ^6.3.1
423 silly placeDep node_modules/pm2 require-in-the-middle@5.2.0 OK for: @pm2/io@6.1.0 want: ^5.0.0
424 silly placeDep node_modules/pm2/node_modules/@pm2/io semver@7.5.4 OK for: @pm2/io@6.1.0 want: ~7.5.4
425 silly placeDep node_modules/pm2 shimmer@1.2.1 OK for: @pm2/io@6.1.0 want: ^1.2.0
426 silly placeDep node_modules/pm2 signal-exit@3.0.7 OK for: @pm2/io@6.1.0 want: ^3.0.3
427 silly placeDep node_modules/pm2 tslib@1.9.3 OK for: @pm2/io@6.1.0 want: 1.9.3
428 silly fetch manifest lodash@^4.17.14
429 silly packumentCache full:https://registry.npmjs.org/lodash cache-miss
430 http fetch GET 200 https://registry.npmjs.org/lodash 45ms (cache miss)
431 silly packumentCache full:https://registry.npmjs.org/lodash set size:undefined disposed:false
432 silly fetch manifest resolve@^1.22.1
433 silly packumentCache full:https://registry.npmjs.org/resolve cache-miss
434 http fetch GET 200 https://registry.npmjs.org/resolve 57ms (cache miss)
435 silly packumentCache full:https://registry.npmjs.org/resolve set size:undefined disposed:false
436 silly fetch manifest module-details-from-path@^1.0.3
437 silly packumentCache full:https://registry.npmjs.org/module-details-from-path cache-miss
438 http fetch GET 200 https://registry.npmjs.org/module-details-from-path 40ms (cache miss)
439 silly packumentCache full:https://registry.npmjs.org/module-details-from-path set size:undefined disposed:false
440 silly placeDep node_modules/pm2/node_modules/@pm2/js-api async@2.6.4 OK for: @pm2/js-api@0.8.0 want: ^2.6.3
441 silly placeDep node_modules/pm2/node_modules/@pm2/js-api debug@4.3.7 OK for: @pm2/js-api@0.8.0 want: ~4.3.1
442 silly placeDep node_modules/pm2/node_modules/@pm2/js-api eventemitter2@6.4.9 OK for: @pm2/js-api@0.8.0 want: ^6.3.1
443 silly placeDep node_modules/pm2 extrareqp2@1.0.0 OK for: @pm2/js-api@0.8.0 want: ^1.0.0
444 silly fetch manifest follow-redirects@^1.14.0
445 silly packumentCache full:https://registry.npmjs.org/follow-redirects cache-miss
446 http fetch GET 200 https://registry.npmjs.org/follow-redirects 59ms (cache miss)
447 silly packumentCache full:https://registry.npmjs.org/follow-redirects set size:undefined disposed:false
448 silly placeDep node_modules/pm2 ansi-styles@4.3.0 OK for: chalk@3.0.0 want: ^4.1.0
449 silly placeDep node_modules/pm2 supports-color@7.2.0 OK for: chalk@3.0.0 want: ^7.1.0
450 silly fetch manifest color-convert@^2.0.1
451 silly packumentCache full:https://registry.npmjs.org/color-convert cache-miss
452 http fetch GET 200 https://registry.npmjs.org/color-convert 45ms (cache miss)
453 silly packumentCache full:https://registry.npmjs.org/color-convert set size:undefined disposed:false
454 silly fetch manifest has-flag@^4.0.0
455 silly packumentCache full:https://registry.npmjs.org/has-flag cache-miss
456 http fetch GET 200 https://registry.npmjs.org/has-flag 36ms (cache revalidated)
457 silly packumentCache full:https://registry.npmjs.org/has-flag set size:15180 disposed:false
458 silly placeDep node_modules/pm2 color-convert@2.0.1 OK for: ansi-styles@4.3.0 want: ^2.0.1
459 silly fetch manifest color-name@~1.1.4
460 silly packumentCache full:https://registry.npmjs.org/color-name cache-miss
461 http fetch GET 200 https://registry.npmjs.org/color-name 35ms (cache miss)
462 silly packumentCache full:https://registry.npmjs.org/color-name set size:undefined disposed:false
463 silly placeDep node_modules/pm2 anymatch@3.1.3 OK for: chokidar@3.6.0 want: ~3.1.2
464 silly placeDep node_modules/pm2 braces@3.0.3 OK for: chokidar@3.6.0 want: ~3.0.2
465 silly placeDep node_modules/pm2 fsevents@2.3.3 OK for: chokidar@3.6.0 want: ~2.3.2
466 silly placeDep node_modules/pm2 glob-parent@5.1.2 OK for: chokidar@3.6.0 want: ~5.1.2
467 silly placeDep node_modules/pm2 is-binary-path@2.1.0 OK for: chokidar@3.6.0 want: ~2.1.0
468 silly placeDep node_modules/pm2 is-glob@4.0.3 OK for: chokidar@3.6.0 want: ~4.0.1
469 silly placeDep node_modules/pm2 normalize-path@3.0.0 OK for: chokidar@3.6.0 want: ~3.0.0
470 silly placeDep node_modules/pm2 readdirp@3.6.0 OK for: chokidar@3.6.0 want: ~3.6.0
471 silly fetch manifest picomatch@^2.0.4
472 silly packumentCache full:https://registry.npmjs.org/picomatch cache-miss
473 http fetch GET 200 https://registry.npmjs.org/picomatch 34ms (cache revalidated)
474 silly packumentCache full:https://registry.npmjs.org/picomatch set size:118818 disposed:false
475 silly fetch manifest normalize-path@^3.0.0
476 silly packumentCache full:https://registry.npmjs.org/normalize-path cache-hit
477 silly fetch manifest fill-range@^7.1.1
478 silly packumentCache full:https://registry.npmjs.org/fill-range cache-miss
479 http fetch GET 200 https://registry.npmjs.org/fill-range 40ms (cache revalidated)
480 silly packumentCache full:https://registry.npmjs.org/fill-range set size:90212 disposed:false
481 silly fetch manifest is-glob@^4.0.1
482 silly packumentCache full:https://registry.npmjs.org/is-glob cache-hit
483 silly fetch manifest binary-extensions@^2.0.0
484 silly packumentCache full:https://registry.npmjs.org/binary-extensions cache-miss
485 http fetch GET 200 https://registry.npmjs.org/binary-extensions 44ms (cache revalidated)
486 silly packumentCache full:https://registry.npmjs.org/binary-extensions set size:51551 disposed:false
487 silly fetch manifest is-extglob@^2.1.1
488 silly packumentCache full:https://registry.npmjs.org/is-extglob cache-miss
489 http fetch GET 200 https://registry.npmjs.org/is-extglob 125ms (cache revalidated)
490 silly packumentCache full:https://registry.npmjs.org/is-extglob set size:11766 disposed:false
491 silly fetch manifest picomatch@^2.2.1
492 silly packumentCache full:https://registry.npmjs.org/picomatch cache-hit
493 silly placeDep node_modules/pm2 picomatch@2.3.1 OK for: anymatch@3.1.3 want: ^2.0.4
494 silly placeDep node_modules/pm2 fill-range@7.1.1 OK for: braces@3.0.3 want: ^7.1.1
495 silly fetch manifest to-regex-range@^5.0.1
496 silly packumentCache full:https://registry.npmjs.org/to-regex-range cache-miss
497 http fetch GET 200 https://registry.npmjs.org/to-regex-range 45ms (cache revalidated)
498 silly packumentCache full:https://registry.npmjs.org/to-regex-range set size:61569 disposed:false
499 silly placeDep node_modules/pm2 color-name@1.1.4 OK for: color-convert@2.0.1 want: ~1.1.4
500 silly placeDep node_modules/pm2 ms@2.1.3 OK for: debug@4.4.3 want: ^2.1.3
501 silly placeDep node_modules/pm2 ansi-colors@4.1.3 OK for: enquirer@2.3.6 want: ^4.1.1
502 silly placeDep node_modules/pm2 follow-redirects@1.15.11 OK for: extrareqp2@1.0.0 want: ^1.14.0
503 silly placeDep node_modules/pm2 to-regex-range@5.0.1 OK for: fill-range@7.1.1 want: ^5.0.1
504 silly fetch manifest is-number@^7.0.0
505 silly packumentCache full:https://registry.npmjs.org/is-number cache-miss
506 http fetch GET 200 https://registry.npmjs.org/is-number 34ms (cache revalidated)
507 silly packumentCache full:https://registry.npmjs.org/is-number set size:36183 disposed:false
508 silly placeDep node_modules/pm2 binary-extensions@2.3.0 OK for: is-binary-path@2.1.0 want: ^2.0.0
509 silly placeDep node_modules/pm2 is-extglob@2.1.1 OK for: is-glob@4.0.3 want: ^2.1.1
510 silly placeDep node_modules/pm2 argparse@2.0.1 OK for: js-yaml@4.1.0 want: ^2.0.1
511 silly placeDep node_modules/pm2/node_modules/needle debug@3.2.7 OK for: needle@2.4.0 want: ^3.2.6
512 silly placeDep node_modules/pm2 iconv-lite@0.4.24 OK for: needle@2.4.0 want: ^0.4.4
513 silly placeDep node_modules/pm2 sax@1.4.1 OK for: needle@2.4.0 want: ^1.2.4
514 silly fetch manifest safer-buffer@>= 2.1.2 < 3
515 silly packumentCache full:https://registry.npmjs.org/safer-buffer cache-miss
516 http fetch GET 200 https://registry.npmjs.org/safer-buffer 87ms (cache revalidated)
517 silly packumentCache full:https://registry.npmjs.org/safer-buffer set size:18521 disposed:false
518 silly placeDep node_modules/pm2 safer-buffer@2.1.2 OK for: iconv-lite@0.4.24 want: >= 2.1.2 < 3
519 silly placeDep node_modules/pm2 safe-buffer@5.2.1 OK for: pidusage@3.0.2 want: ^5.2.1
520 silly placeDep node_modules/pm2 amp@0.3.1 OK for: pm2-axon@4.0.1 want: ~0.3.1
521 silly placeDep node_modules/pm2 amp-message@0.1.2 OK for: pm2-axon@4.0.1 want: ~0.1.1
522 silly placeDep node_modules/pm2 escape-string-regexp@4.0.0 OK for: pm2-axon@4.0.1 want: ^4.0.0
523 silly placeDep node_modules/pm2 run-series@1.1.9 OK for: pm2-deploy@1.0.2 want: ^1.1.8
524 silly placeDep node_modules/pm2 tv4@1.3.0 OK for: pm2-deploy@1.0.2 want: ^1.3.0
525 silly placeDep node_modules/pm2 charm@0.1.2 OK for: pm2-multimeter@0.1.2 want: ~0.1.1
526 silly placeDep node_modules/pm2/node_modules/pm2-sysmonit pidusage@2.0.21 OK for: pm2-sysmonit@1.2.8 want: ^2.0.21
527 silly placeDep node_modules/pm2 systeminformation@5.27.11 OK for: pm2-sysmonit@1.2.8 want: ^5.7
528 silly placeDep node_modules/pm2 tx2@1.0.5 OK for: pm2-sysmonit@1.2.8 want: ~1.0.4
529 silly fetch manifest json-stringify-safe@^5.0.1
530 silly packumentCache full:https://registry.npmjs.org/json-stringify-safe cache-miss
531 http fetch GET 200 https://registry.npmjs.org/json-stringify-safe 43ms (cache miss)
532 silly packumentCache full:https://registry.npmjs.org/json-stringify-safe set size:undefined disposed:false
533 silly placeDep node_modules/pm2 read@1.0.7 OK for: promptly@2.2.0 want: ^1.0.4
534 silly fetch manifest mute-stream@~0.0.4
535 silly packumentCache full:https://registry.npmjs.org/mute-stream cache-miss
536 http fetch GET 200 https://registry.npmjs.org/mute-stream 44ms (cache miss)
537 silly packumentCache full:https://registry.npmjs.org/mute-stream set size:undefined disposed:false
538 silly placeDep node_modules/pm2 agent-base@7.1.4 OK for: proxy-agent@6.4.0 want: ^7.0.2
539 silly placeDep node_modules/pm2 http-proxy-agent@7.0.2 OK for: proxy-agent@6.4.0 want: ^7.0.1
540 silly placeDep node_modules/pm2 https-proxy-agent@7.0.6 OK for: proxy-agent@6.4.0 want: ^7.0.3
541 silly placeDep node_modules/pm2 lru-cache@7.18.3 OK for: proxy-agent@6.4.0 want: ^7.14.1
542 silly placeDep node_modules/pm2 pac-proxy-agent@7.2.0 OK for: proxy-agent@6.4.0 want: ^7.0.1
543 silly placeDep node_modules/pm2 proxy-from-env@1.1.0 OK for: proxy-agent@6.4.0 want: ^1.1.0
544 silly placeDep node_modules/pm2 socks-proxy-agent@8.0.5 OK for: proxy-agent@6.4.0 want: ^8.0.2
545 silly fetch manifest @tootallnate/quickjs-emscripten@^0.23.0
546 silly packumentCache full:https://registry.npmjs.org/@tootallnate%2fquickjs-emscripten cache-miss
547 http fetch GET 200 https://registry.npmjs.org/@tootallnate%2fquickjs-emscripten 66ms (cache miss)
548 silly packumentCache full:https://registry.npmjs.org/@tootallnate%2fquickjs-emscripten set size:undefined disposed:false
549 silly fetch manifest get-uri@^6.0.1
550 silly packumentCache full:https://registry.npmjs.org/get-uri cache-miss
551 http fetch GET 200 https://registry.npmjs.org/get-uri 50ms (cache miss)
552 silly packumentCache full:https://registry.npmjs.org/get-uri set size:undefined disposed:false
553 silly fetch manifest pac-resolver@^7.0.1
554 silly packumentCache full:https://registry.npmjs.org/pac-resolver cache-miss
555 http fetch GET 200 https://registry.npmjs.org/pac-resolver 50ms (cache miss)
556 silly packumentCache full:https://registry.npmjs.org/pac-resolver set size:undefined disposed:false
557 silly fetch manifest socks-proxy-agent@^8.0.5
558 silly packumentCache full:https://registry.npmjs.org/socks-proxy-agent cache-miss
559 http fetch GET 200 https://registry.npmjs.org/socks-proxy-agent 8ms (cache hit)
560 silly packumentCache full:https://registry.npmjs.org/socks-proxy-agent set size:96838 disposed:false
561 silly fetch manifest socks@^2.8.3
562 silly packumentCache full:https://registry.npmjs.org/socks cache-miss
563 http fetch GET 200 https://registry.npmjs.org/socks 34ms (cache revalidated)
564 silly packumentCache full:https://registry.npmjs.org/socks set size:168523 disposed:false
565 silly placeDep node_modules/pm2 @tootallnate/quickjs-emscripten@0.23.0 OK for: pac-proxy-agent@7.2.0 want: ^0.23.0
566 silly placeDep node_modules/pm2 get-uri@6.0.5 OK for: pac-proxy-agent@7.2.0 want: ^6.0.1
567 silly placeDep node_modules/pm2 pac-resolver@7.0.1 OK for: pac-proxy-agent@7.2.0 want: ^7.0.1
568 silly fetch manifest basic-ftp@^5.0.2
569 silly packumentCache full:https://registry.npmjs.org/basic-ftp cache-miss
570 http fetch GET 200 https://registry.npmjs.org/basic-ftp 52ms (cache miss)
571 silly packumentCache full:https://registry.npmjs.org/basic-ftp set size:undefined disposed:false
572 silly fetch manifest data-uri-to-buffer@^6.0.2
573 silly packumentCache full:https://registry.npmjs.org/data-uri-to-buffer cache-miss
574 http fetch GET 200 https://registry.npmjs.org/data-uri-to-buffer 45ms (cache miss)
575 silly packumentCache full:https://registry.npmjs.org/data-uri-to-buffer set size:undefined disposed:false
576 silly fetch manifest degenerator@^5.0.0
577 silly packumentCache full:https://registry.npmjs.org/degenerator cache-miss
578 http fetch GET 200 https://registry.npmjs.org/degenerator 81ms (cache miss)
579 silly packumentCache full:https://registry.npmjs.org/degenerator set size:undefined disposed:false
580 silly fetch manifest netmask@^2.0.2
581 silly packumentCache full:https://registry.npmjs.org/netmask cache-miss
582 http fetch GET 200 https://registry.npmjs.org/netmask 72ms (cache miss)
583 silly packumentCache full:https://registry.npmjs.org/netmask set size:undefined disposed:false
584 silly placeDep node_modules/pm2 basic-ftp@5.0.5 OK for: get-uri@6.0.5 want: ^5.0.2
585 silly placeDep node_modules/pm2 data-uri-to-buffer@6.0.2 OK for: get-uri@6.0.5 want: ^6.0.2
586 silly placeDep node_modules/pm2 degenerator@5.0.1 OK for: pac-resolver@7.0.1 want: ^5.0.0
587 silly placeDep node_modules/pm2 netmask@2.0.2 OK for: pac-resolver@7.0.1 want: ^2.0.2
588 silly fetch manifest ast-types@^0.13.4
589 silly packumentCache full:https://registry.npmjs.org/ast-types cache-miss
590 http fetch GET 200 https://registry.npmjs.org/ast-types 112ms (cache miss)
591 silly packumentCache full:https://registry.npmjs.org/ast-types set size:undefined disposed:false
592 silly fetch manifest escodegen@^2.1.0
593 silly packumentCache full:https://registry.npmjs.org/escodegen cache-miss
594 http fetch GET 200 https://registry.npmjs.org/escodegen 47ms (cache miss)
595 silly packumentCache full:https://registry.npmjs.org/escodegen set size:undefined disposed:false
596 silly fetch manifest esprima@^4.0.1
597 silly packumentCache full:https://registry.npmjs.org/esprima cache-miss
598 http fetch GET 200 https://registry.npmjs.org/esprima 80ms (cache miss)
599 silly packumentCache full:https://registry.npmjs.org/esprima set size:undefined disposed:false
600 silly placeDep node_modules/pm2 ast-types@0.13.4 OK for: degenerator@5.0.1 want: ^0.13.4
601 silly placeDep node_modules/pm2 escodegen@2.1.0 OK for: degenerator@5.0.1 want: ^2.1.0
602 silly placeDep node_modules/pm2 esprima@4.0.1 OK for: degenerator@5.0.1 want: ^4.0.1
603 silly fetch manifest tslib@^2.0.1
604 silly packumentCache full:https://registry.npmjs.org/tslib cache-miss
605 http fetch GET 200 https://registry.npmjs.org/tslib 16ms (cache hit)
606 silly packumentCache full:https://registry.npmjs.org/tslib set size:108706 disposed:false
607 silly fetch manifest estraverse@^5.2.0
608 silly packumentCache full:https://registry.npmjs.org/estraverse cache-miss
609 http fetch GET 200 https://registry.npmjs.org/estraverse 46ms (cache miss)
610 silly packumentCache full:https://registry.npmjs.org/estraverse set size:undefined disposed:false
611 silly fetch manifest esutils@^2.0.2
612 silly packumentCache full:https://registry.npmjs.org/esutils cache-miss
613 http fetch GET 200 https://registry.npmjs.org/esutils 93ms (cache miss)
614 silly packumentCache full:https://registry.npmjs.org/esutils set size:undefined disposed:false
615 silly fetch manifest source-map@~0.6.1
616 silly packumentCache full:https://registry.npmjs.org/source-map cache-miss
617 http fetch GET 200 https://registry.npmjs.org/source-map 9ms (cache hit)
618 silly packumentCache full:https://registry.npmjs.org/source-map set size:226090 disposed:false
619 silly placeDep node_modules/pm2/node_modules/ast-types tslib@2.8.1 OK for: ast-types@0.13.4 want: ^2.0.1
620 silly placeDep node_modules/pm2 estraverse@5.3.0 OK for: escodegen@2.1.0 want: ^5.2.0
621 silly placeDep node_modules/pm2 esutils@2.0.3 OK for: escodegen@2.1.0 want: ^2.0.2
622 silly placeDep node_modules/pm2 source-map@0.6.1 OK for: escodegen@2.1.0 want: ~0.6.1
623 silly placeDep node_modules/pm2 mute-stream@0.0.8 OK for: read@1.0.7 want: ~0.0.4
624 silly placeDep node_modules/pm2 module-details-from-path@1.0.4 OK for: require-in-the-middle@5.2.0 want: ^1.0.3
625 silly placeDep node_modules/pm2 resolve@1.22.11 OK for: require-in-the-middle@5.2.0 want: ^1.22.1
626 silly fetch manifest is-core-module@^2.16.1
627 silly packumentCache full:https://registry.npmjs.org/is-core-module cache-miss
628 http fetch GET 200 https://registry.npmjs.org/is-core-module 40ms (cache miss)
629 silly packumentCache full:https://registry.npmjs.org/is-core-module set size:undefined disposed:false
630 silly fetch manifest path-parse@^1.0.7
631 silly packumentCache full:https://registry.npmjs.org/path-parse cache-miss
632 http fetch GET 200 https://registry.npmjs.org/path-parse 48ms (cache miss)
633 silly packumentCache full:https://registry.npmjs.org/path-parse set size:undefined disposed:false
634 silly fetch manifest supports-preserve-symlinks-flag@^1.0.0
635 silly packumentCache full:https://registry.npmjs.org/supports-preserve-symlinks-flag cache-miss
636 http fetch GET 200 https://registry.npmjs.org/supports-preserve-symlinks-flag 56ms (cache miss)
637 silly packumentCache full:https://registry.npmjs.org/supports-preserve-symlinks-flag set size:undefined disposed:false
638 silly placeDep node_modules/pm2 is-core-module@2.16.1 OK for: resolve@1.22.11 want: ^2.16.1
639 silly placeDep node_modules/pm2 path-parse@1.0.7 OK for: resolve@1.22.11 want: ^1.0.7
640 silly placeDep node_modules/pm2 supports-preserve-symlinks-flag@1.0.0 OK for: resolve@1.22.11 want: ^1.0.0
641 silly fetch manifest hasown@^2.0.2
642 silly packumentCache full:https://registry.npmjs.org/hasown cache-miss
643 http fetch GET 200 https://registry.npmjs.org/hasown 36ms (cache revalidated)
644 silly packumentCache full:https://registry.npmjs.org/hasown set size:12476 disposed:false
645 silly placeDep node_modules/pm2 hasown@2.0.2 OK for: is-core-module@2.16.1 want: ^2.0.2
646 silly fetch manifest function-bind@^1.1.2
647 silly packumentCache full:https://registry.npmjs.org/function-bind cache-miss
648 http fetch GET 200 https://registry.npmjs.org/function-bind 66ms (cache revalidated)
649 silly packumentCache full:https://registry.npmjs.org/function-bind set size:15733 disposed:false
650 silly placeDep node_modules/pm2 function-bind@1.1.2 OK for: hasown@2.0.2 want: ^1.1.2
651 silly placeDep node_modules/pm2 socks@2.8.7 OK for: socks-proxy-agent@8.0.5 want: ^2.8.3
652 silly fetch manifest ip-address@^10.0.1
653 silly packumentCache full:https://registry.npmjs.org/ip-address cache-miss
654 http fetch GET 200 https://registry.npmjs.org/ip-address 52ms (cache miss)
655 silly packumentCache full:https://registry.npmjs.org/ip-address set size:undefined disposed:false
656 silly fetch manifest smart-buffer@^4.2.0
657 silly packumentCache full:https://registry.npmjs.org/smart-buffer cache-miss
658 http fetch GET 200 https://registry.npmjs.org/smart-buffer 40ms (cache miss)
659 silly packumentCache full:https://registry.npmjs.org/smart-buffer set size:undefined disposed:false
660 silly placeDep node_modules/pm2 ip-address@10.0.1 OK for: socks@2.8.7 want: ^10.0.1
661 silly placeDep node_modules/pm2 smart-buffer@4.2.0 OK for: socks@2.8.7 want: ^4.2.0
662 silly placeDep node_modules/pm2 buffer-from@1.1.2 OK for: source-map-support@0.5.21 want: ^1.0.0
663 silly placeDep node_modules/pm2 has-flag@4.0.0 OK for: supports-color@7.2.0 want: ^4.0.0
664 silly placeDep node_modules/pm2 is-number@7.0.0 OK for: to-regex-range@5.0.1 want: ^7.0.0
665 silly placeDep node_modules/pm2 json-stringify-safe@5.0.1 OK for: tx2@1.0.5 want: ^5.0.1
666 silly placeDep node_modules/pm2/node_modules/vizion async@2.6.4 OK for: vizion@2.2.1 want: ^2.6.3
667 silly placeDep node_modules/pm2 git-node-fs@1.0.0 OK for: vizion@2.2.1 want: ^1.0.0
668 silly placeDep node_modules/pm2 ini@1.3.8 OK for: vizion@2.2.1 want: ^1.3.5
669 silly placeDep node_modules/pm2 js-git@0.7.8 OK for: vizion@2.2.1 want: ^0.7.8
670 silly fetch manifest bodec@^0.1.0
671 silly packumentCache full:https://registry.npmjs.org/bodec cache-miss
672 http fetch GET 200 https://registry.npmjs.org/bodec 104ms (cache miss)
673 silly packumentCache full:https://registry.npmjs.org/bodec set size:undefined disposed:false
674 silly fetch manifest culvert@^0.1.2
675 silly packumentCache full:https://registry.npmjs.org/culvert cache-miss
676 http fetch GET 200 https://registry.npmjs.org/culvert 36ms (cache miss)
677 silly packumentCache full:https://registry.npmjs.org/culvert set size:undefined disposed:false
678 silly fetch manifest git-sha1@^0.1.2
679 silly packumentCache full:https://registry.npmjs.org/git-sha1 cache-miss
680 http fetch GET 200 https://registry.npmjs.org/git-sha1 30ms (cache miss)
681 silly packumentCache full:https://registry.npmjs.org/git-sha1 set size:undefined disposed:false
682 silly fetch manifest pako@^0.2.5
683 silly packumentCache full:https://registry.npmjs.org/pako cache-miss
684 http fetch GET 200 https://registry.npmjs.org/pako 36ms (cache miss)
685 silly packumentCache full:https://registry.npmjs.org/pako set size:undefined disposed:false
686 silly placeDep node_modules/pm2 bodec@0.1.0 OK for: js-git@0.7.8 want: ^0.1.0
687 silly placeDep node_modules/pm2 culvert@0.1.2 OK for: js-git@0.7.8 want: ^0.1.2
688 silly placeDep node_modules/pm2 git-sha1@0.1.2 OK for: js-git@0.7.8 want: ^0.1.2
689 silly placeDep node_modules/pm2 pako@0.2.9 OK for: js-git@0.7.8 want: ^0.2.5
690 silly placeDep node_modules/pm2/node_modules/@pm2/agent lru-cache@6.0.0 OK for: semver@7.5.4 want: ^6.0.0
691 silly fetch manifest yallist@^4.0.0
692 silly packumentCache full:https://registry.npmjs.org/yallist cache-miss
693 http fetch GET 200 https://registry.npmjs.org/yallist 39ms (cache miss)
694 silly packumentCache full:https://registry.npmjs.org/yallist set size:undefined disposed:false
695 silly placeDep node_modules/pm2 yallist@4.0.0 OK for: lru-cache@6.0.0 want: ^4.0.0
696 silly placeDep node_modules/pm2 lodash@4.17.21 OK for: async@2.6.4 want: ^4.17.14
697 silly placeDep node_modules/pm2/node_modules/@pm2/io lru-cache@6.0.0 OK for: semver@7.5.4 want: ^6.0.0
698 silly reify mark retired [
698 silly reify   '/usr/lib/node_modules/pm2',
698 silly reify   '/usr/bin/pm2',
698 silly reify   '/usr/bin/pm2-dev',
698 silly reify   '/usr/bin/pm2-docker',
698 silly reify   '/usr/bin/pm2-runtime'
698 silly reify ]
699 silly reify moves {
699 silly reify   '/usr/lib/node_modules/pm2': '/usr/lib/node_modules/.pm2-zkn4vkCL',
699 silly reify   '/usr/bin/pm2': '/usr/bin/.pm2-zlom2DsY',
699 silly reify   '/usr/bin/pm2-dev': '/usr/bin/.pm2-dev-SVwaqREy',
699 silly reify   '/usr/bin/pm2-docker': '/usr/bin/.pm2-docker-cisdoyyx',
699 silly reify   '/usr/bin/pm2-runtime': '/usr/bin/.pm2-runtime-4LZbpPot'
699 silly reify }
700 verbose reify failed optional dependency /usr/lib/node_modules/pm2/node_modules/fsevents
701 silly reify mark deleted [ '/usr/lib/node_modules/pm2/node_modules/fsevents' ]
702 silly tarball no local data for socks@https://registry.npmjs.org/socks/-/socks-2.8.7.tgz. Extracting by manifest.
703 silly tarball no local data for semver@https://registry.npmjs.org/semver/-/semver-7.7.2.tgz. Extracting by manifest.
704 silly tarball no local data for pm2@https://registry.npmjs.org/pm2/-/pm2-6.0.13.tgz. Extracting by manifest.
705 silly tarball no local data for ip-address@https://registry.npmjs.org/ip-address/-/ip-address-10.0.1.tgz. Extracting by manifest.
706 silly tarball no local data for basic-ftp@https://registry.npmjs.org/basic-ftp/-/basic-ftp-5.0.5.tgz. Extracting by manifest.
707 silly tarball no local data for @tootallnate/quickjs-emscripten@https://registry.npmjs.org/@tootallnate/quickjs-emscripten/-/quickjs-emscripten-0.23.0.tgz. Extracting by manifest.
708 silly tarball no local data for extrareqp2@https://registry.npmjs.org/extrareqp2/-/extrareqp2-1.0.0.tgz. Extracting by manifest.
709 silly tarball no local data for ansis@https://registry.npmjs.org/ansis/-/ansis-4.0.0-node10.tgz. Extracting by manifest.
710 silly tarball no local data for @pm2/blessed@https://registry.npmjs.org/@pm2/blessed/-/blessed-0.1.81.tgz. Extracting by manifest.
711 silly tarball no local data for @pm2/js-api@https://registry.npmjs.org/@pm2/js-api/-/js-api-0.8.0.tgz. Extracting by manifest.
712 silly tarball no local data for debug@https://registry.npmjs.org/debug/-/debug-4.3.7.tgz. Extracting by manifest.
713 silly tarball no local data for @pm2/io@https://registry.npmjs.org/@pm2/io/-/io-6.1.0.tgz. Extracting by manifest.
714 silly tarball no local data for debug@https://registry.npmjs.org/debug/-/debug-4.3.7.tgz. Extracting by manifest.
715 silly tarball no local data for semver@https://registry.npmjs.org/semver/-/semver-7.5.4.tgz. Extracting by manifest.
716 silly tarball no local data for debug@https://registry.npmjs.org/debug/-/debug-4.3.7.tgz. Extracting by manifest.
717 silly tarball no local data for @pm2/agent@https://registry.npmjs.org/@pm2/agent/-/agent-2.1.1.tgz. Extracting by manifest.
718 silly tarball no local data for semver@https://registry.npmjs.org/semver/-/semver-7.5.4.tgz. Extracting by manifest.
719 silly tarball no local data for ws@https://registry.npmjs.org/ws/-/ws-7.5.10.tgz. Extracting by manifest.
720 silly tarball no local data for systeminformation@https://registry.npmjs.org/systeminformation/-/systeminformation-5.27.11.tgz. Extracting by manifest.
721 silly tarball no local data for socks-proxy-agent@https://registry.npmjs.org/socks-proxy-agent/-/socks-proxy-agent-8.0.5.tgz. Extracting by manifest.
722 silly tarball no local data for resolve@https://registry.npmjs.org/resolve/-/resolve-1.22.11.tgz. Extracting by manifest.
723 silly tarball no local data for sax@https://registry.npmjs.org/sax/-/sax-1.4.1.tgz. Extracting by manifest.
724 silly tarball no local data for proxy-agent@https://registry.npmjs.org/proxy-agent/-/proxy-agent-6.4.0.tgz. Extracting by manifest.
725 silly tarball no local data for pac-proxy-agent@https://registry.npmjs.org/pac-proxy-agent/-/pac-proxy-agent-7.2.0.tgz. Extracting by manifest.
726 silly tarball no local data for pac-resolver@https://registry.npmjs.org/pac-resolver/-/pac-resolver-7.0.1.tgz. Extracting by manifest.
727 silly tarball no local data for module-details-from-path@https://registry.npmjs.org/module-details-from-path/-/module-details-from-path-1.0.4.tgz. Extracting by manifest.
728 silly tarball no local data for lru-cache@https://registry.npmjs.org/lru-cache/-/lru-cache-7.18.3.tgz. Extracting by manifest.
729 silly tarball no local data for is-core-module@https://registry.npmjs.org/is-core-module/-/is-core-module-2.16.1.tgz. Extracting by manifest.
730 silly tarball no local data for https-proxy-agent@https://registry.npmjs.org/https-proxy-agent/-/https-proxy-agent-7.0.6.tgz. Extracting by manifest.
731 silly tarball no local data for http-proxy-agent@https://registry.npmjs.org/http-proxy-agent/-/http-proxy-agent-7.0.2.tgz. Extracting by manifest.
732 silly tarball no local data for get-uri@https://registry.npmjs.org/get-uri/-/get-uri-6.0.5.tgz. Extracting by manifest.
733 silly tarball no local data for follow-redirects@https://registry.npmjs.org/follow-redirects/-/follow-redirects-1.15.11.tgz. Extracting by manifest.
734 silly tarball no local data for escodegen@https://registry.npmjs.org/escodegen/-/escodegen-2.1.0.tgz. Extracting by manifest.
735 silly tarball no local data for degenerator@https://registry.npmjs.org/degenerator/-/degenerator-5.0.1.tgz. Extracting by manifest.
736 silly tarball no local data for data-uri-to-buffer@https://registry.npmjs.org/data-uri-to-buffer/-/data-uri-to-buffer-6.0.2.tgz. Extracting by manifest.
737 silly tarball no local data for dayjs@https://registry.npmjs.org/dayjs/-/dayjs-1.11.15.tgz. Extracting by manifest.
738 silly tarball no local data for tslib@https://registry.npmjs.org/tslib/-/tslib-2.8.1.tgz. Extracting by manifest.
739 silly tarball no local data for async@https://registry.npmjs.org/async/-/async-3.2.6.tgz. Extracting by manifest.
740 silly tarball no local data for agent-base@https://registry.npmjs.org/agent-base/-/agent-base-7.1.4.tgz. Extracting by manifest.
741 http fetch GET 200 https://registry.npmjs.org/ansis/-/ansis-4.0.0-node10.tgz 1869ms (cache miss)
742 http fetch GET 200 https://registry.npmjs.org/get-uri/-/get-uri-6.0.5.tgz 1825ms (cache miss)
743 http fetch GET 200 https://registry.npmjs.org/pac-proxy-agent/-/pac-proxy-agent-7.2.0.tgz 1862ms (cache miss)
744 http fetch GET 200 https://registry.npmjs.org/proxy-agent/-/proxy-agent-6.4.0.tgz 1882ms (cache miss)
745 http fetch GET 200 https://registry.npmjs.org/module-details-from-path/-/module-details-from-path-1.0.4.tgz 1864ms (cache miss)
746 http fetch GET 200 https://registry.npmjs.org/follow-redirects/-/follow-redirects-1.15.11.tgz 1869ms (cache miss)
747 http fetch GET 200 https://registry.npmjs.org/agent-base/-/agent-base-7.1.4.tgz 1879ms (cache miss)
748 http fetch GET 200 https://registry.npmjs.org/https-proxy-agent/-/https-proxy-agent-7.0.6.tgz 1984ms (cache miss)
749 http fetch GET 200 https://registry.npmjs.org/data-uri-to-buffer/-/data-uri-to-buffer-6.0.2.tgz 1975ms (cache miss)
750 http fetch GET 200 https://registry.npmjs.org/socks-proxy-agent/-/socks-proxy-agent-8.0.5.tgz 2069ms (cache miss)
751 http fetch GET 200 https://registry.npmjs.org/sax/-/sax-1.4.1.tgz 2057ms (cache miss)
752 http fetch GET 200 https://registry.npmjs.org/http-proxy-agent/-/http-proxy-agent-7.0.2.tgz 2079ms (cache miss)
753 http fetch GET 200 https://registry.npmjs.org/debug/-/debug-4.3.7.tgz 2152ms (cache miss)
754 http fetch GET 200 https://registry.npmjs.org/tslib/-/tslib-2.8.1.tgz 2045ms (cache miss)
755 http fetch GET 200 https://registry.npmjs.org/is-core-module/-/is-core-module-2.16.1.tgz 2107ms (cache miss)
756 http fetch GET 200 https://registry.npmjs.org/escodegen/-/escodegen-2.1.0.tgz 2082ms (cache miss)
757 http fetch GET 200 https://registry.npmjs.org/debug/-/debug-4.3.7.tgz 2205ms (cache miss)
758 http fetch GET 200 https://registry.npmjs.org/debug/-/debug-4.3.7.tgz 2200ms (cache miss)
759 http fetch GET 200 https://registry.npmjs.org/degenerator/-/degenerator-5.0.1.tgz 2144ms (cache miss)
760 http fetch GET 200 https://registry.npmjs.org/lru-cache/-/lru-cache-7.18.3.tgz 2238ms (cache miss)
761 http fetch GET 200 https://registry.npmjs.org/@pm2/agent/-/agent-2.1.1.tgz 2415ms (cache miss)
762 http fetch GET 200 https://registry.npmjs.org/ws/-/ws-7.5.10.tgz 2451ms (cache miss)
763 http fetch GET 200 https://registry.npmjs.org/socks/-/socks-2.8.7.tgz 2607ms (cache miss)
764 http fetch GET 200 https://registry.npmjs.org/semver/-/semver-7.5.4.tgz 2555ms (cache miss)
765 http fetch GET 200 https://registry.npmjs.org/pac-resolver/-/pac-resolver-7.0.1.tgz 2563ms (cache miss)
766 http fetch GET 200 https://registry.npmjs.org/basic-ftp/-/basic-ftp-5.0.5.tgz 2651ms (cache miss)
767 http fetch GET 200 https://registry.npmjs.org/systeminformation/-/systeminformation-5.27.11.tgz 2731ms (cache miss)
768 http fetch GET 200 https://registry.npmjs.org/semver/-/semver-7.5.4.tgz 2745ms (cache miss)
769 http fetch GET 200 https://registry.npmjs.org/semver/-/semver-7.7.2.tgz 2810ms (cache miss)
770 http fetch GET 200 https://registry.npmjs.org/ip-address/-/ip-address-10.0.1.tgz 2815ms (cache miss)
771 http fetch GET 200 https://registry.npmjs.org/extrareqp2/-/extrareqp2-1.0.0.tgz 2848ms (cache miss)
772 http fetch GET 200 https://registry.npmjs.org/@pm2/js-api/-/js-api-0.8.0.tgz 2905ms (cache miss)
773 http fetch GET 200 https://registry.npmjs.org/@pm2/io/-/io-6.1.0.tgz 3172ms (cache miss)
774 http fetch GET 200 https://registry.npmjs.org/async/-/async-3.2.6.tgz 3096ms (cache miss)
775 http fetch GET 200 https://registry.npmjs.org/resolve/-/resolve-1.22.11.tgz 3220ms (cache miss)
776 http fetch GET 200 https://registry.npmjs.org/@pm2/blessed/-/blessed-0.1.81.tgz 3464ms (cache miss)
777 http fetch GET 200 https://registry.npmjs.org/@tootallnate/quickjs-emscripten/-/quickjs-emscripten-0.23.0.tgz 3480ms (cache miss)
778 http fetch GET 200 https://registry.npmjs.org/pm2/-/pm2-6.0.13.tgz 3549ms (cache miss)
779 http fetch GET 200 https://registry.npmjs.org/dayjs/-/dayjs-1.11.15.tgz 3779ms (cache miss)
780 silly CHANGE node_modules/pm2
781 silly ADD node_modules/pm2/node_modules/ip-address
782 silly ADD node_modules/pm2/node_modules/hasown
783 silly ADD node_modules/pm2/node_modules/basic-ftp
784 silly ADD node_modules/pm2/node_modules/@tootallnate/quickjs-emscripten
785 silly ADD
786 silly ADD node_modules/pm2/node_modules/extrareqp2
787 silly ADD node_modules/pm2/node_modules/js-yaml
788 silly ADD node_modules/pm2/node_modules/ansis
789 silly ADD node_modules/pm2/node_modules/@pm2/blessed
790 silly REMOVE node_modules/pm2/node_modules/@tootallnate/once
791 silly CHANGE node_modules/pm2/node_modules/@pm2/js-api
792 silly ADD node_modules/pm2/node_modules/@pm2/js-api/node_modules/debug
793 silly CHANGE node_modules/pm2/node_modules/@pm2/js-api/node_modules/eventemitter2
794 silly CHANGE node_modules/pm2/node_modules/@pm2/js-api/node_modules/async
795 silly CHANGE node_modules/pm2/node_modules/@pm2/io
796 silly ADD node_modules/pm2/node_modules/@pm2/io/node_modules/lru-cache
797 silly ADD node_modules/pm2/node_modules/@pm2/io/node_modules/debug
798 silly CHANGE node_modules/pm2/node_modules/@pm2/io/node_modules/semver
799 silly CHANGE node_modules/pm2/node_modules/@pm2/io/node_modules/async
800 silly CHANGE node_modules/pm2/node_modules/@pm2/io/node_modules/eventemitter2
801 silly CHANGE node_modules/pm2/node_modules/@pm2/pm2-version-check
802 silly CHANGE node_modules/pm2/node_modules/@pm2/agent
803 silly ADD node_modules/pm2/node_modules/@pm2/agent/node_modules/lru-cache
804 silly ADD node_modules/pm2/node_modules/@pm2/agent/node_modules/debug
805 silly CHANGE node_modules/pm2/node_modules/@pm2/agent/node_modules/semver
806 silly CHANGE node_modules/pm2/node_modules/@pm2/agent/node_modules/dayjs
807 silly REMOVE node_modules/pm2/node_modules/@opencensus/propagation-b3
808 silly REMOVE node_modules/pm2/node_modules/@opencensus/propagation-b3/node_modules/@opencensus/core
809 silly REMOVE node_modules/pm2/node_modules/@opencensus/propagation-b3/node_modules/semver
810 silly REMOVE node_modules/pm2/node_modules/@opencensus/core
811 silly REMOVE node_modules/pm2/node_modules/@opencensus/core/node_modules/semver
812 silly REMOVE node_modules/pm2/node_modules/uuid
813 silly CHANGE node_modules/pm2/node_modules/yallist
814 silly REMOVE node_modules/pm2/node_modules/yamljs
815 silly CHANGE node_modules/pm2/node_modules/vizion
816 silly CHANGE node_modules/pm2/node_modules/vizion/node_modules/async
817 silly CHANGE node_modules/pm2/node_modules/ws
818 silly REMOVE node_modules/pm2/node_modules/xregexp
819 silly REMOVE node_modules/pm2/node_modules/word-wrap
820 silly REMOVE node_modules/pm2/node_modules/wrappy
821 silly CHANGE node_modules/pm2/node_modules/tslib
822 silly REMOVE node_modules/pm2/node_modules/vm2
823 silly REMOVE node_modules/pm2/node_modules/unpipe
824 silly REMOVE node_modules/pm2/node_modules/universalify
825 silly REMOVE node_modules/pm2/node_modules/type-check
826 silly CHANGE node_modules/pm2/node_modules/tv4
827 silly CHANGE node_modules/pm2/node_modules/tx2
828 silly REMOVE node_modules/pm2/node_modules/toidentifier
829 silly CHANGE node_modules/pm2/node_modules/systeminformation
830 silly CHANGE node_modules/pm2/node_modules/to-regex-range
831 silly CHANGE node_modules/pm2/node_modules/supports-color
832 silly REMOVE node_modules/pm2/node_modules/statuses
833 silly CHANGE node_modules/pm2/node_modules/supports-preserve-symlinks-flag
834 silly REMOVE node_modules/pm2/node_modules/string_decoder
835 silly CHANGE node_modules/pm2/node_modules/source-map-support
836 silly CHANGE node_modules/pm2/node_modules/socks
837 silly REMOVE node_modules/pm2/node_modules/socks/node_modules/ip
838 silly CHANGE node_modules/pm2/node_modules/sprintf-js
839 silly CHANGE node_modules/pm2/node_modules/socks-proxy-agent
840 silly CHANGE node_modules/pm2/node_modules/source-map
841 silly CHANGE node_modules/pm2/node_modules/signal-exit
842 silly CHANGE node_modules/pm2/node_modules/smart-buffer
843 silly CHANGE node_modules/pm2/node_modules/shimmer
844 silly CHANGE node_modules/pm2/node_modules/semver
845 silly REMOVE node_modules/pm2/node_modules/semver/node_modules/lru-cache
846 silly REMOVE node_modules/pm2/node_modules/semver/node_modules/yallist
847 silly REMOVE node_modules/pm2/node_modules/setprototypeof
848 silly CHANGE node_modules/pm2/node_modules/resolve
849 silly CHANGE node_modules/pm2/node_modules/run-series
850 silly CHANGE node_modules/pm2/node_modules/safer-buffer
851 silly CHANGE node_modules/pm2/node_modules/sax
852 silly CHANGE node_modules/pm2/node_modules/safe-buffer
853 silly CHANGE node_modules/pm2/node_modules/require-in-the-middle
854 silly CHANGE node_modules/pm2/node_modules/readdirp
855 silly REMOVE node_modules/pm2/node_modules/raw-body
856 silly CHANGE node_modules/pm2/node_modules/read
857 silly REMOVE node_modules/pm2/node_modules/readable-stream
858 silly CHANGE node_modules/pm2/node_modules/proxy-agent
859 silly CHANGE node_modules/pm2/node_modules/proxy-from-env
860 silly CHANGE node_modules/pm2/node_modules/promptly
861 silly REMOVE node_modules/pm2/node_modules/prelude-ls
862 silly CHANGE node_modules/pm2/node_modules/pm2-multimeter
863 silly CHANGE node_modules/pm2/node_modules/pm2-axon
864 silly CHANGE node_modules/pm2/node_modules/pm2-deploy
865 silly CHANGE node_modules/pm2/node_modules/pm2-axon-rpc
866 silly CHANGE node_modules/pm2/node_modules/pm2-sysmonit
867 silly CHANGE node_modules/pm2/node_modules/pm2-sysmonit/node_modules/pidusage
868 silly CHANGE node_modules/pm2/node_modules/pako
869 silly REMOVE node_modules/pm2/node_modules/path-is-absolute
870 silly CHANGE node_modules/pm2/node_modules/path-parse
871 silly CHANGE node_modules/pm2/node_modules/pidusage
872 silly CHANGE node_modules/pm2/node_modules/pac-proxy-agent
873 silly CHANGE node_modules/pm2/node_modules/picomatch
874 silly CHANGE node_modules/pm2/node_modules/pac-resolver
875 silly REMOVE node_modules/pm2/node_modules/optionator
876 silly REMOVE node_modules/pm2/node_modules/once
877 silly CHANGE node_modules/pm2/node_modules/normalize-path
878 silly REMOVE node_modules/pm2/node_modules/nssocket
879 silly REMOVE node_modules/pm2/node_modules/nssocket/node_modules/eventemitter2
880 silly CHANGE node_modules/pm2/node_modules/lodash
881 silly CHANGE node_modules/pm2/node_modules/netmask
882 silly CHANGE node_modules/pm2/node_modules/ms
883 silly CHANGE node_modules/pm2/node_modules/mute-stream
884 silly CHANGE node_modules/pm2/node_modules/needle
885 silly CHANGE node_modules/pm2/node_modules/needle/node_modules/debug
886 silly CHANGE node_modules/pm2/node_modules/module-details-from-path
887 silly CHANGE node_modules/pm2/node_modules/mkdirp
888 silly REMOVE node_modules/pm2/node_modules/minimatch
889 silly CHANGE node_modules/pm2/node_modules/lru-cache
890 silly REMOVE node_modules/pm2/node_modules/log-driver
891 silly REMOVE node_modules/pm2/node_modules/levn
892 silly REMOVE node_modules/pm2/node_modules/lazy
893 silly REMOVE node_modules/pm2/node_modules/jsonfile
894 silly CHANGE node_modules/pm2/node_modules/json-stringify-safe
895 silly CHANGE node_modules/pm2/node_modules/is-binary-path
896 silly REMOVE node_modules/pm2/node_modules/isarray
897 silly CHANGE node_modules/pm2/node_modules/js-git
898 silly CHANGE node_modules/pm2/node_modules/is-number
899 silly CHANGE node_modules/pm2/node_modules/is-glob
900 silly CHANGE node_modules/pm2/node_modules/is-extglob
901 silly CHANGE node_modules/pm2/node_modules/ini
902 silly CHANGE node_modules/pm2/node_modules/is-core-module
903 silly REMOVE node_modules/pm2/node_modules/ip
904 silly CHANGE node_modules/pm2/node_modules/https-proxy-agent
905 silly REMOVE node_modules/pm2/node_modules/inherits
906 silly REMOVE node_modules/pm2/node_modules/inflight
907 silly CHANGE node_modules/pm2/node_modules/iconv-lite
908 silly CHANGE node_modules/pm2/node_modules/http-proxy-agent
909 silly CHANGE node_modules/pm2/node_modules/has-flag
910 silly REMOVE node_modules/pm2/node_modules/glob
911 silly REMOVE node_modules/pm2/node_modules/graceful-fs
912 silly REMOVE node_modules/pm2/node_modules/http-errors
913 silly REMOVE node_modules/pm2/node_modules/has
914 silly CHANGE node_modules/pm2/node_modules/get-uri
915 silly CHANGE node_modules/pm2/node_modules/glob-parent
916 silly CHANGE node_modules/pm2/node_modules/git-sha1
917 silly CHANGE node_modules/pm2/node_modules/function-bind
918 silly CHANGE node_modules/pm2/node_modules/git-node-fs
919 silly REMOVE node_modules/pm2/node_modules/ftp
920 silly CHANGE node_modules/pm2/node_modules/fill-range
921 silly REMOVE node_modules/pm2/node_modules/fs-extra
922 silly REMOVE node_modules/pm2/node_modules/fs.realpath
923 silly CHANGE node_modules/pm2/node_modules/follow-redirects
924 silly REMOVE node_modules/pm2/node_modules/file-uri-to-path
925 silly CHANGE node_modules/pm2/node_modules/fclone
926 silly CHANGE node_modules/pm2/node_modules/fast-json-patch
927 silly REMOVE node_modules/pm2/node_modules/fast-levenshtein
928 silly CHANGE node_modules/pm2/node_modules/escape-string-regexp
929 silly CHANGE node_modules/pm2/node_modules/eventemitter2
930 silly CHANGE node_modules/pm2/node_modules/escodegen
931 silly CHANGE node_modules/pm2/node_modules/estraverse
932 silly CHANGE node_modules/pm2/node_modules/esprima
933 silly CHANGE node_modules/pm2/node_modules/esutils
934 silly REMOVE node_modules/pm2/node_modules/deep-is
935 silly REMOVE node_modules/pm2/node_modules/emitter-listener
936 silly REMOVE node_modules/pm2/node_modules/depd
937 silly CHANGE node_modules/pm2/node_modules/degenerator
938 silly CHANGE node_modules/pm2/node_modules/enquirer
939 silly CHANGE node_modules/pm2/node_modules/debug
940 silly CHANGE node_modules/pm2/node_modules/data-uri-to-buffer
941 silly CHANGE node_modules/pm2/node_modules/dayjs
942 silly REMOVE node_modules/pm2/node_modules/core-util-is
943 silly CHANGE node_modules/pm2/node_modules/culvert
944 silly CHANGE node_modules/pm2/node_modules/croner
945 silly REMOVE node_modules/pm2/node_modules/continuation-local-storage
946 silly REMOVE node_modules/pm2/node_modules/axios
947 silly REMOVE node_modules/pm2/node_modules/concat-map
948 silly CHANGE node_modules/pm2/node_modules/commander
949 silly CHANGE node_modules/pm2/node_modules/color-convert
950 silly CHANGE node_modules/pm2/node_modules/color-name
951 silly CHANGE node_modules/pm2/node_modules/cli-tableau
952 silly CHANGE node_modules/pm2/node_modules/chokidar
953 silly CHANGE node_modules/pm2/node_modules/charm
954 silly REMOVE node_modules/pm2/node_modules/bytes
955 silly CHANGE node_modules/pm2/node_modules/chalk
956 silly CHANGE node_modules/pm2/node_modules/buffer-from
957 silly REMOVE node_modules/pm2/node_modules/brace-expansion
958 silly REMOVE node_modules/pm2/node_modules/blessed
959 silly CHANGE node_modules/pm2/node_modules/braces
960 silly CHANGE node_modules/pm2/node_modules/bodec
961 silly CHANGE node_modules/pm2/node_modules/binary-extensions
962 silly REMOVE node_modules/pm2/node_modules/acorn
963 silly REMOVE node_modules/pm2/node_modules/balanced-match
964 silly CHANGE node_modules/pm2/node_modules/ast-types
965 silly CHANGE node_modules/pm2/node_modules/ast-types/node_modules/tslib
966 silly REMOVE node_modules/pm2/node_modules/acorn-walk
967 silly CHANGE node_modules/pm2/node_modules/async
968 silly REMOVE node_modules/pm2/node_modules/async-listener
969 silly REMOVE node_modules/pm2/node_modules/async-listener/node_modules/semver
970 silly CHANGE node_modules/pm2/node_modules/argparse
971 silly REMOVE node_modules/pm2/node_modules/argparse/node_modules/sprintf-js
972 silly CHANGE node_modules/pm2/node_modules/ansi-styles
973 silly CHANGE node_modules/pm2/node_modules/anymatch
974 silly CHANGE node_modules/pm2/node_modules/agent-base
975 silly CHANGE node_modules/pm2/node_modules/amp-message
976 silly CHANGE node_modules/pm2/node_modules/amp
977 silly CHANGE node_modules/pm2/node_modules/ansi-colors
978 verbose cwd /var/cop4331Server
979 verbose os Linux 5.15.0-67-generic
980 verbose node v18.20.8
981 verbose npm  v10.8.2
982 verbose exit 0
983 info ok
