0 verbose cli /usr/bin/node /usr/bin/npm
1 info using npm@10.8.2
2 info using node@v18.20.8
3 silly config load:file:/usr/lib/node_modules/npm/npmrc
4 silly config load:file:/var/www/html/.npmrc
5 silly config load:file:/root/.npmrc
6 silly config load:file:/usr/etc/npmrc
7 verbose title npm install
8 verbose argv "install"
9 verbose logfile logs-max:10 dir:/root/.npm/_logs/2025-10-23T16_12_45_500Z-
10 verbose logfile /root/.npm/_logs/2025-10-23T16_12_45_500Z-debug-0.log
11 silly packumentCache heap:520880128 maxSize:130220032 maxEntrySize:65110016
12 silly logfile start cleaning logs, removing 1 files
13 silly logfile done cleaning log files
14 silly idealTree buildDeps
15 silly fetch manifest body-parser@^1.19.0
16 silly packumentCache full:https://registry.npmjs.org/body-parser cache-miss
17 http fetch GET 200 https://registry.npmjs.org/body-parser 198ms (cache miss)
18 silly packumentCache full:https://registry.npmjs.org/body-parser set size:undefined disposed:false
19 silly fetch manifest express@^4.17.1
20 silly packumentCache full:https://registry.npmjs.org/express cache-miss
21 http fetch GET 200 https://registry.npmjs.org/express 56ms (cache miss)
22 silly packumentCache full:https://registry.npmjs.org/express set size:undefined disposed:false
23 silly placeDep ROOT body-parser@1.20.3 OK for: backend@1.0.0 want: ^1.19.0
24 silly placeDep ROOT express@4.21.2 OK for: backend@1.0.0 want: ^4.17.1
25 silly fetch manifest qs@6.13.0
26 silly packumentCache full:https://registry.npmjs.org/qs cache-miss
27 http fetch GET 200 https://registry.npmjs.org/qs 40ms (cache miss)
28 silly packumentCache full:https://registry.npmjs.org/qs set size:undefined disposed:false
29 silly fetch manifest depd@2.0.0
30 silly packumentCache full:https://registry.npmjs.org/depd cache-miss
31 http fetch GET 200 https://registry.npmjs.org/depd 53ms (cache miss)
32 silly packumentCache full:https://registry.npmjs.org/depd set size:undefined disposed:false
33 silly fetch manifest bytes@3.1.2
34 silly packumentCache full:https://registry.npmjs.org/bytes cache-miss
35 http fetch GET 200 https://registry.npmjs.org/bytes 57ms (cache miss)
36 silly packumentCache full:https://registry.npmjs.org/bytes set size:undefined disposed:false
37 silly fetch manifest debug@2.6.9
38 silly packumentCache full:https://registry.npmjs.org/debug cache-miss
39 http fetch GET 200 https://registry.npmjs.org/debug 41ms (cache revalidated)
40 silly packumentCache full:https://registry.npmjs.org/debug set size:195840 disposed:false
41 silly fetch manifest unpipe@1.0.0
42 silly packumentCache full:https://registry.npmjs.org/unpipe cache-miss
43 http fetch GET 200 https://registry.npmjs.org/unpipe 63ms (cache miss)
44 silly packumentCache full:https://registry.npmjs.org/unpipe set size:undefined disposed:false
45 silly fetch manifest destroy@1.2.0
46 silly packumentCache full:https://registry.npmjs.org/destroy cache-miss
47 http fetch GET 200 https://registry.npmjs.org/destroy 37ms (cache miss)
48 silly packumentCache full:https://registry.npmjs.org/destroy set size:undefined disposed:false
49 silly fetch manifest type-is@~1.6.18
50 silly packumentCache full:https://registry.npmjs.org/type-is cache-miss
51 http fetch GET 200 https://registry.npmjs.org/type-is 43ms (cache miss)
52 silly packumentCache full:https://registry.npmjs.org/type-is set size:undefined disposed:false
53 silly fetch manifest raw-body@2.5.2
54 silly packumentCache full:https://registry.npmjs.org/raw-body cache-miss
55 http fetch GET 200 https://registry.npmjs.org/raw-body 55ms (cache miss)
56 silly packumentCache full:https://registry.npmjs.org/raw-body set size:undefined disposed:false
57 silly fetch manifest iconv-lite@0.4.24
58 silly packumentCache full:https://registry.npmjs.org/iconv-lite cache-miss
59 http fetch GET 200 https://registry.npmjs.org/iconv-lite 44ms (cache miss)
60 silly packumentCache full:https://registry.npmjs.org/iconv-lite set size:undefined disposed:false
61 silly fetch manifest http-errors@2.0.0
62 silly packumentCache full:https://registry.npmjs.org/http-errors cache-miss
63 http fetch GET 200 https://registry.npmjs.org/http-errors 52ms (cache miss)
64 silly packumentCache full:https://registry.npmjs.org/http-errors set size:undefined disposed:false
65 silly fetch manifest on-finished@2.4.1
66 silly packumentCache full:https://registry.npmjs.org/on-finished cache-miss
67 http fetch GET 200 https://registry.npmjs.org/on-finished 58ms (cache miss)
68 silly packumentCache full:https://registry.npmjs.org/on-finished set size:undefined disposed:false
69 silly fetch manifest content-type@~1.0.5
70 silly packumentCache full:https://registry.npmjs.org/content-type cache-miss
71 http fetch GET 200 https://registry.npmjs.org/content-type 40ms (cache miss)
72 silly packumentCache full:https://registry.npmjs.org/content-type set size:undefined disposed:false
73 silly fetch manifest etag@~1.8.1
74 silly packumentCache full:https://registry.npmjs.org/etag cache-miss
75 http fetch GET 200 https://registry.npmjs.org/etag 54ms (cache miss)
76 silly packumentCache full:https://registry.npmjs.org/etag set size:undefined disposed:false
77 silly fetch manifest send@0.19.0
78 silly packumentCache full:https://registry.npmjs.org/send cache-miss
79 http fetch GET 200 https://registry.npmjs.org/send 50ms (cache miss)
80 silly packumentCache full:https://registry.npmjs.org/send set size:undefined disposed:false
81 silly fetch manifest vary@~1.1.2
82 silly packumentCache full:https://registry.npmjs.org/vary cache-miss
83 http fetch GET 200 https://registry.npmjs.org/vary 45ms (cache miss)
84 silly packumentCache full:https://registry.npmjs.org/vary set size:undefined disposed:false
85 silly fetch manifest fresh@0.5.2
86 silly packumentCache full:https://registry.npmjs.org/fresh cache-miss
87 http fetch GET 200 https://registry.npmjs.org/fresh 45ms (cache miss)
88 silly packumentCache full:https://registry.npmjs.org/fresh set size:undefined disposed:false
89 silly fetch manifest cookie@0.7.1
90 silly packumentCache full:https://registry.npmjs.org/cookie cache-miss
91 http fetch GET 200 https://registry.npmjs.org/cookie 37ms (cache miss)
92 silly packumentCache full:https://registry.npmjs.org/cookie set size:undefined disposed:false
93 silly fetch manifest accepts@~1.3.8
94 silly packumentCache full:https://registry.npmjs.org/accepts cache-miss
95 http fetch GET 200 https://registry.npmjs.org/accepts 38ms (cache miss)
96 silly packumentCache full:https://registry.npmjs.org/accepts set size:undefined disposed:false
97 silly fetch manifest methods@~1.1.2
98 silly packumentCache full:https://registry.npmjs.org/methods cache-miss
99 http fetch GET 200 https://registry.npmjs.org/methods 43ms (cache miss)
100 silly packumentCache full:https://registry.npmjs.org/methods set size:undefined disposed:false
101 silly fetch manifest parseurl@~1.3.3
102 silly packumentCache full:https://registry.npmjs.org/parseurl cache-miss
103 http fetch GET 200 https://registry.npmjs.org/parseurl 32ms (cache miss)
104 silly packumentCache full:https://registry.npmjs.org/parseurl set size:undefined disposed:false
105 silly fetch manifest statuses@2.0.1
106 silly packumentCache full:https://registry.npmjs.org/statuses cache-miss
107 http fetch GET 200 https://registry.npmjs.org/statuses 36ms (cache miss)
108 silly packumentCache full:https://registry.npmjs.org/statuses set size:undefined disposed:false
109 silly fetch manifest encodeurl@~2.0.0
110 silly packumentCache full:https://registry.npmjs.org/encodeurl cache-miss
111 http fetch GET 200 https://registry.npmjs.org/encodeurl 37ms (cache miss)
112 silly packumentCache full:https://registry.npmjs.org/encodeurl set size:undefined disposed:false
113 silly fetch manifest proxy-addr@~2.0.7
114 silly packumentCache full:https://registry.npmjs.org/proxy-addr cache-miss
115 http fetch GET 200 https://registry.npmjs.org/proxy-addr 56ms (cache miss)
116 silly packumentCache full:https://registry.npmjs.org/proxy-addr set size:undefined disposed:false
117 silly fetch manifest escape-html@~1.0.3
118 silly packumentCache full:https://registry.npmjs.org/escape-html cache-miss
119 http fetch GET 200 https://registry.npmjs.org/escape-html 42ms (cache miss)
120 silly packumentCache full:https://registry.npmjs.org/escape-html set size:undefined disposed:false
121 silly fetch manifest safe-buffer@5.2.1
122 silly packumentCache full:https://registry.npmjs.org/safe-buffer cache-miss
123 http fetch GET 200 https://registry.npmjs.org/safe-buffer 38ms (cache miss)
124 silly packumentCache full:https://registry.npmjs.org/safe-buffer set size:undefined disposed:false
125 silly fetch manifest utils-merge@1.0.1
126 silly packumentCache full:https://registry.npmjs.org/utils-merge cache-miss
127 http fetch GET 200 https://registry.npmjs.org/utils-merge 63ms (cache miss)
128 silly packumentCache full:https://registry.npmjs.org/utils-merge set size:undefined disposed:false
129 silly fetch manifest content-type@~1.0.4
130 silly packumentCache full:https://registry.npmjs.org/content-type cache-miss
131 http fetch GET 200 https://registry.npmjs.org/content-type 5ms (cache hit)
132 silly packumentCache full:https://registry.npmjs.org/content-type set size:17311 disposed:false
133 silly fetch manifest finalhandler@1.3.1
134 silly packumentCache full:https://registry.npmjs.org/finalhandler cache-miss
135 http fetch GET 200 https://registry.npmjs.org/finalhandler 81ms (cache miss)
136 silly packumentCache full:https://registry.npmjs.org/finalhandler set size:undefined disposed:false
137 silly fetch manifest range-parser@~1.2.1
138 silly packumentCache full:https://registry.npmjs.org/range-parser cache-miss
139 http fetch GET 200 https://registry.npmjs.org/range-parser 58ms (cache miss)
140 silly packumentCache full:https://registry.npmjs.org/range-parser set size:undefined disposed:false
141 silly fetch manifest serve-static@1.16.2
142 silly packumentCache full:https://registry.npmjs.org/serve-static cache-miss
143 http fetch GET 200 https://registry.npmjs.org/serve-static 41ms (cache miss)
144 silly packumentCache full:https://registry.npmjs.org/serve-static set size:undefined disposed:false
145 silly fetch manifest array-flatten@1.1.1
146 silly packumentCache full:https://registry.npmjs.org/array-flatten cache-miss
147 http fetch GET 200 https://registry.npmjs.org/array-flatten 40ms (cache miss)
148 silly packumentCache full:https://registry.npmjs.org/array-flatten set size:undefined disposed:false
149 silly fetch manifest path-to-regexp@0.1.12
150 silly packumentCache full:https://registry.npmjs.org/path-to-regexp cache-miss
151 http fetch GET 200 https://registry.npmjs.org/path-to-regexp 40ms (cache miss)
152 silly packumentCache full:https://registry.npmjs.org/path-to-regexp set size:undefined disposed:false
153 silly fetch manifest setprototypeof@1.2.0
154 silly packumentCache full:https://registry.npmjs.org/setprototypeof cache-miss
155 http fetch GET 200 https://registry.npmjs.org/setprototypeof 51ms (cache miss)
156 silly packumentCache full:https://registry.npmjs.org/setprototypeof set size:undefined disposed:false
157 silly fetch manifest cookie-signature@1.0.6
158 silly packumentCache full:https://registry.npmjs.org/cookie-signature cache-miss
159 http fetch GET 200 https://registry.npmjs.org/cookie-signature 37ms (cache miss)
160 silly packumentCache full:https://registry.npmjs.org/cookie-signature set size:undefined disposed:false
161 silly fetch manifest merge-descriptors@1.0.3
162 silly packumentCache full:https://registry.npmjs.org/merge-descriptors cache-miss
163 http fetch GET 200 https://registry.npmjs.org/merge-descriptors 41ms (cache miss)
164 silly packumentCache full:https://registry.npmjs.org/merge-descriptors set size:undefined disposed:false
165 silly fetch manifest content-disposition@0.5.4
166 silly packumentCache full:https://registry.npmjs.org/content-disposition cache-miss
167 http fetch GET 200 https://registry.npmjs.org/content-disposition 40ms (cache miss)
168 silly packumentCache full:https://registry.npmjs.org/content-disposition set size:undefined disposed:false
169 silly placeDep ROOT bytes@3.1.2 OK for: body-parser@1.20.3 want: 3.1.2
170 silly placeDep ROOT content-type@1.0.5 OK for: body-parser@1.20.3 want: ~1.0.5
171 silly placeDep ROOT debug@2.6.9 OK for: body-parser@1.20.3 want: 2.6.9
172 silly placeDep ROOT depd@2.0.0 OK for: body-parser@1.20.3 want: 2.0.0
173 silly placeDep ROOT destroy@1.2.0 OK for: body-parser@1.20.3 want: 1.2.0
174 silly placeDep ROOT http-errors@2.0.0 OK for: body-parser@1.20.3 want: 2.0.0
175 silly placeDep ROOT iconv-lite@0.4.24 OK for: body-parser@1.20.3 want: 0.4.24
176 silly placeDep ROOT on-finished@2.4.1 OK for: body-parser@1.20.3 want: 2.4.1
177 silly placeDep ROOT qs@6.13.0 OK for: body-parser@1.20.3 want: 6.13.0
178 silly placeDep ROOT raw-body@2.5.2 OK for: body-parser@1.20.3 want: 2.5.2
179 silly placeDep ROOT type-is@1.6.18 OK for: body-parser@1.20.3 want: ~1.6.18
180 silly placeDep ROOT unpipe@1.0.0 OK for: body-parser@1.20.3 want: 1.0.0
181 silly fetch manifest ms@2.0.0
182 silly packumentCache full:https://registry.npmjs.org/ms cache-miss
183 http fetch GET 200 https://registry.npmjs.org/ms 34ms (cache revalidated)
184 silly packumentCache full:https://registry.npmjs.org/ms set size:92208 disposed:false
185 silly fetch manifest inherits@2.0.4
186 silly packumentCache full:https://registry.npmjs.org/inherits cache-miss
187 http fetch GET 200 https://registry.npmjs.org/inherits 58ms (cache miss)
188 silly packumentCache full:https://registry.npmjs.org/inherits set size:undefined disposed:false
189 silly fetch manifest toidentifier@1.0.1
190 silly packumentCache full:https://registry.npmjs.org/toidentifier cache-miss
191 http fetch GET 200 https://registry.npmjs.org/toidentifier 34ms (cache miss)
192 silly packumentCache full:https://registry.npmjs.org/toidentifier set size:undefined disposed:false
193 silly fetch manifest safer-buffer@>= 2.1.2 < 3
194 silly packumentCache full:https://registry.npmjs.org/safer-buffer cache-miss
195 http fetch GET 200 https://registry.npmjs.org/safer-buffer 68ms (cache miss)
196 silly packumentCache full:https://registry.npmjs.org/safer-buffer set size:undefined disposed:false
197 silly fetch manifest ee-first@1.1.1
198 silly packumentCache full:https://registry.npmjs.org/ee-first cache-miss
199 http fetch GET 200 https://registry.npmjs.org/ee-first 75ms (cache miss)
200 silly packumentCache full:https://registry.npmjs.org/ee-first set size:undefined disposed:false
201 silly fetch manifest side-channel@^1.0.6
202 silly packumentCache full:https://registry.npmjs.org/side-channel cache-miss
203 http fetch GET 200 https://registry.npmjs.org/side-channel 34ms (cache miss)
204 silly packumentCache full:https://registry.npmjs.org/side-channel set size:undefined disposed:false
205 silly fetch manifest mime-types@~2.1.24
206 silly packumentCache full:https://registry.npmjs.org/mime-types cache-miss
207 http fetch GET 200 https://registry.npmjs.org/mime-types 65ms (cache miss)
208 silly packumentCache full:https://registry.npmjs.org/mime-types set size:undefined disposed:false
209 silly fetch manifest media-typer@0.3.0
210 silly packumentCache full:https://registry.npmjs.org/media-typer cache-miss
211 http fetch GET 200 https://registry.npmjs.org/media-typer 40ms (cache miss)
212 silly packumentCache full:https://registry.npmjs.org/media-typer set size:undefined disposed:false
213 silly placeDep ROOT ms@2.0.0 OK for: debug@2.6.9 want: 2.0.0
214 silly placeDep ROOT accepts@1.3.8 OK for: express@4.21.2 want: ~1.3.8
215 silly placeDep ROOT array-flatten@1.1.1 OK for: express@4.21.2 want: 1.1.1
216 silly placeDep ROOT content-disposition@0.5.4 OK for: express@4.21.2 want: 0.5.4
217 silly placeDep ROOT cookie@0.7.1 OK for: express@4.21.2 want: 0.7.1
218 silly placeDep ROOT cookie-signature@1.0.6 OK for: express@4.21.2 want: 1.0.6
219 silly placeDep ROOT encodeurl@2.0.0 OK for: express@4.21.2 want: ~2.0.0
220 silly placeDep ROOT escape-html@1.0.3 OK for: express@4.21.2 want: ~1.0.3
221 silly placeDep ROOT etag@1.8.1 OK for: express@4.21.2 want: ~1.8.1
222 silly placeDep ROOT finalhandler@1.3.1 OK for: express@4.21.2 want: 1.3.1
223 silly placeDep ROOT fresh@0.5.2 OK for: express@4.21.2 want: 0.5.2
224 silly placeDep ROOT merge-descriptors@1.0.3 OK for: express@4.21.2 want: 1.0.3
225 silly placeDep ROOT methods@1.1.2 OK for: express@4.21.2 want: ~1.1.2
226 silly placeDep ROOT parseurl@1.3.3 OK for: express@4.21.2 want: ~1.3.3
227 silly placeDep ROOT path-to-regexp@0.1.12 OK for: express@4.21.2 want: 0.1.12
228 silly placeDep ROOT proxy-addr@2.0.7 OK for: express@4.21.2 want: ~2.0.7
229 silly placeDep ROOT range-parser@1.2.1 OK for: express@4.21.2 want: ~1.2.1
230 silly placeDep ROOT safe-buffer@5.2.1 OK for: express@4.21.2 want: 5.2.1
231 silly placeDep ROOT send@0.19.0 OK for: express@4.21.2 want: 0.19.0
232 silly placeDep ROOT serve-static@1.16.2 OK for: express@4.21.2 want: 1.16.2
233 silly placeDep ROOT setprototypeof@1.2.0 OK for: express@4.21.2 want: 1.2.0
234 silly placeDep ROOT statuses@2.0.1 OK for: express@4.21.2 want: 2.0.1
235 silly placeDep ROOT utils-merge@1.0.1 OK for: express@4.21.2 want: 1.0.1
236 silly placeDep ROOT vary@1.1.2 OK for: express@4.21.2 want: ~1.1.2
237 silly fetch manifest mime-types@~2.1.34
238 silly packumentCache full:https://registry.npmjs.org/mime-types cache-miss
239 http fetch GET 200 https://registry.npmjs.org/mime-types 11ms (cache hit)
240 silly packumentCache full:https://registry.npmjs.org/mime-types set size:136716 disposed:false
241 silly fetch manifest negotiator@0.6.3
242 silly packumentCache full:https://registry.npmjs.org/negotiator cache-miss
243 http fetch GET 200 https://registry.npmjs.org/negotiator 37ms (cache miss)
244 silly packumentCache full:https://registry.npmjs.org/negotiator set size:undefined disposed:false
245 silly fetch manifest forwarded@0.2.0
246 silly packumentCache full:https://registry.npmjs.org/forwarded cache-miss
247 http fetch GET 200 https://registry.npmjs.org/forwarded 49ms (cache miss)
248 silly packumentCache full:https://registry.npmjs.org/forwarded set size:undefined disposed:false
249 silly fetch manifest ipaddr.js@1.9.1
250 silly packumentCache full:https://registry.npmjs.org/ipaddr.js cache-miss
251 http fetch GET 200 https://registry.npmjs.org/ipaddr.js 49ms (cache miss)
252 silly packumentCache full:https://registry.npmjs.org/ipaddr.js set size:undefined disposed:false
253 silly fetch manifest ms@2.1.3
254 silly packumentCache full:https://registry.npmjs.org/ms cache-hit
255 silly fetch manifest mime@1.6.0
256 silly packumentCache full:https://registry.npmjs.org/mime cache-miss
257 http fetch GET 200 https://registry.npmjs.org/mime 38ms (cache miss)
258 silly packumentCache full:https://registry.npmjs.org/mime set size:undefined disposed:false
259 silly fetch manifest encodeurl@~1.0.2
260 silly packumentCache full:https://registry.npmjs.org/encodeurl cache-miss
261 http fetch GET 200 https://registry.npmjs.org/encodeurl 4ms (cache hit)
262 silly packumentCache full:https://registry.npmjs.org/encodeurl set size:12296 disposed:false
263 silly placeDep ROOT mime-types@2.1.35 OK for: accepts@1.3.8 want: ~2.1.34
264 silly placeDep ROOT negotiator@0.6.3 OK for: accepts@1.3.8 want: 0.6.3
265 silly fetch manifest mime-db@1.52.0
266 silly packumentCache full:https://registry.npmjs.org/mime-db cache-miss
267 http fetch GET 200 https://registry.npmjs.org/mime-db 35ms (cache miss)
268 silly packumentCache full:https://registry.npmjs.org/mime-db set size:undefined disposed:false
269 silly placeDep ROOT inherits@2.0.4 OK for: http-errors@2.0.0 want: 2.0.4
270 silly placeDep ROOT toidentifier@1.0.1 OK for: http-errors@2.0.0 want: 1.0.1
271 silly placeDep ROOT safer-buffer@2.1.2 OK for: iconv-lite@0.4.24 want: >= 2.1.2 < 3
272 silly placeDep ROOT mime-db@1.52.0 OK for: mime-types@2.1.35 want: 1.52.0
273 silly placeDep ROOT ee-first@1.1.1 OK for: on-finished@2.4.1 want: 1.1.1
274 silly placeDep ROOT forwarded@0.2.0 OK for: proxy-addr@2.0.7 want: 0.2.0
275 silly placeDep ROOT ipaddr.js@1.9.1 OK for: proxy-addr@2.0.7 want: 1.9.1
276 silly placeDep ROOT side-channel@1.1.0 OK for: qs@6.13.0 want: ^1.0.6
277 silly fetch manifest es-errors@^1.3.0
278 silly packumentCache full:https://registry.npmjs.org/es-errors cache-miss
279 http fetch GET 200 https://registry.npmjs.org/es-errors 44ms (cache miss)
280 silly packumentCache full:https://registry.npmjs.org/es-errors set size:undefined disposed:false
281 silly fetch manifest object-inspect@^1.13.3
282 silly packumentCache full:https://registry.npmjs.org/object-inspect cache-miss
283 http fetch GET 200 https://registry.npmjs.org/object-inspect 56ms (cache miss)
284 silly packumentCache full:https://registry.npmjs.org/object-inspect set size:undefined disposed:false
285 silly fetch manifest side-channel-list@^1.0.0
286 silly packumentCache full:https://registry.npmjs.org/side-channel-list cache-miss
287 http fetch GET 200 https://registry.npmjs.org/side-channel-list 35ms (cache miss)
288 silly packumentCache full:https://registry.npmjs.org/side-channel-list set size:undefined disposed:false
289 silly fetch manifest side-channel-map@^1.0.1
290 silly packumentCache full:https://registry.npmjs.org/side-channel-map cache-miss
291 http fetch GET 200 https://registry.npmjs.org/side-channel-map 59ms (cache miss)
292 silly packumentCache full:https://registry.npmjs.org/side-channel-map set size:undefined disposed:false
293 silly fetch manifest side-channel-weakmap@^1.0.2
294 silly packumentCache full:https://registry.npmjs.org/side-channel-weakmap cache-miss
295 http fetch GET 200 https://registry.npmjs.org/side-channel-weakmap 60ms (cache miss)
296 silly packumentCache full:https://registry.npmjs.org/side-channel-weakmap set size:undefined disposed:false
297 silly placeDep node_modules/send encodeurl@1.0.2 OK for: send@0.19.0 want: ~1.0.2
298 silly placeDep ROOT mime@1.6.0 OK for: send@0.19.0 want: 1.6.0
299 silly placeDep node_modules/send ms@2.1.3 OK for: send@0.19.0 want: 2.1.3
300 silly placeDep ROOT es-errors@1.3.0 OK for: side-channel@1.1.0 want: ^1.3.0
301 silly placeDep ROOT object-inspect@1.13.4 OK for: side-channel@1.1.0 want: ^1.13.3
302 silly placeDep ROOT side-channel-list@1.0.0 OK for: side-channel@1.1.0 want: ^1.0.0
303 silly placeDep ROOT side-channel-map@1.0.1 OK for: side-channel@1.1.0 want: ^1.0.1
304 silly placeDep ROOT side-channel-weakmap@1.0.2 OK for: side-channel@1.1.0 want: ^1.0.2
305 silly fetch manifest call-bound@^1.0.2
306 silly packumentCache full:https://registry.npmjs.org/call-bound cache-miss
307 http fetch GET 200 https://registry.npmjs.org/call-bound 46ms (cache miss)
308 silly packumentCache full:https://registry.npmjs.org/call-bound set size:undefined disposed:false
309 silly fetch manifest get-intrinsic@^1.2.5
310 silly packumentCache full:https://registry.npmjs.org/get-intrinsic cache-miss
311 http fetch GET 200 https://registry.npmjs.org/get-intrinsic 59ms (cache miss)
312 silly packumentCache full:https://registry.npmjs.org/get-intrinsic set size:undefined disposed:false
313 silly placeDep ROOT call-bound@1.0.4 OK for: side-channel-map@1.0.1 want: ^1.0.2
314 silly placeDep ROOT get-intrinsic@1.3.0 OK for: side-channel-map@1.0.1 want: ^1.2.5
315 silly fetch manifest call-bind-apply-helpers@^1.0.2
316 silly packumentCache full:https://registry.npmjs.org/call-bind-apply-helpers cache-miss
317 http fetch GET 200 https://registry.npmjs.org/call-bind-apply-helpers 38ms (cache miss)
318 silly packumentCache full:https://registry.npmjs.org/call-bind-apply-helpers set size:undefined disposed:false
319 silly fetch manifest get-intrinsic@^1.3.0
320 silly packumentCache full:https://registry.npmjs.org/get-intrinsic cache-miss
321 http fetch GET 200 https://registry.npmjs.org/get-intrinsic 5ms (cache hit)
322 silly packumentCache full:https://registry.npmjs.org/get-intrinsic set size:60985 disposed:false
323 silly fetch manifest gopd@^1.2.0
324 silly packumentCache full:https://registry.npmjs.org/gopd cache-miss
325 http fetch GET 200 https://registry.npmjs.org/gopd 38ms (cache miss)
326 silly packumentCache full:https://registry.npmjs.org/gopd set size:undefined disposed:false
327 silly fetch manifest hasown@^2.0.2
328 silly packumentCache full:https://registry.npmjs.org/hasown cache-miss
329 http fetch GET 200 https://registry.npmjs.org/hasown 32ms (cache miss)
330 silly packumentCache full:https://registry.npmjs.org/hasown set size:undefined disposed:false
331 silly fetch manifest get-proto@^1.0.1
332 silly packumentCache full:https://registry.npmjs.org/get-proto cache-miss
333 http fetch GET 200 https://registry.npmjs.org/get-proto 29ms (cache miss)
334 silly packumentCache full:https://registry.npmjs.org/get-proto set size:undefined disposed:false
335 silly fetch manifest has-symbols@^1.1.0
336 silly packumentCache full:https://registry.npmjs.org/has-symbols cache-miss
337 http fetch GET 200 https://registry.npmjs.org/has-symbols 43ms (cache miss)
338 silly packumentCache full:https://registry.npmjs.org/has-symbols set size:undefined disposed:false
339 silly fetch manifest function-bind@^1.1.2
340 silly packumentCache full:https://registry.npmjs.org/function-bind cache-miss
341 http fetch GET 200 https://registry.npmjs.org/function-bind 34ms (cache miss)
342 silly packumentCache full:https://registry.npmjs.org/function-bind set size:undefined disposed:false
343 silly fetch manifest es-object-atoms@^1.1.1
344 silly packumentCache full:https://registry.npmjs.org/es-object-atoms cache-miss
345 http fetch GET 200 https://registry.npmjs.org/es-object-atoms 32ms (cache miss)
346 silly packumentCache full:https://registry.npmjs.org/es-object-atoms set size:undefined disposed:false
347 silly fetch manifest math-intrinsics@^1.1.0
348 silly packumentCache full:https://registry.npmjs.org/math-intrinsics cache-miss
349 http fetch GET 200 https://registry.npmjs.org/math-intrinsics 32ms (cache miss)
350 silly packumentCache full:https://registry.npmjs.org/math-intrinsics set size:undefined disposed:false
351 silly fetch manifest es-define-property@^1.0.1
352 silly packumentCache full:https://registry.npmjs.org/es-define-property cache-miss
353 http fetch GET 200 https://registry.npmjs.org/es-define-property 33ms (cache miss)
354 silly packumentCache full:https://registry.npmjs.org/es-define-property set size:undefined disposed:false
355 silly placeDep ROOT call-bind-apply-helpers@1.0.2 OK for: call-bound@1.0.4 want: ^1.0.2
356 silly placeDep ROOT function-bind@1.1.2 OK for: call-bind-apply-helpers@1.0.2 want: ^1.1.2
357 silly placeDep ROOT es-define-property@1.0.1 OK for: get-intrinsic@1.3.0 want: ^1.0.1
358 silly placeDep ROOT es-object-atoms@1.1.1 OK for: get-intrinsic@1.3.0 want: ^1.1.1
359 silly placeDep ROOT get-proto@1.0.1 OK for: get-intrinsic@1.3.0 want: ^1.0.1
360 silly placeDep ROOT gopd@1.2.0 OK for: get-intrinsic@1.3.0 want: ^1.2.0
361 silly placeDep ROOT has-symbols@1.1.0 OK for: get-intrinsic@1.3.0 want: ^1.1.0
362 silly placeDep ROOT hasown@2.0.2 OK for: get-intrinsic@1.3.0 want: ^2.0.2
363 silly placeDep ROOT math-intrinsics@1.1.0 OK for: get-intrinsic@1.3.0 want: ^1.1.0
364 silly fetch manifest dunder-proto@^1.0.1
365 silly packumentCache full:https://registry.npmjs.org/dunder-proto cache-miss
366 http fetch GET 200 https://registry.npmjs.org/dunder-proto 63ms (cache miss)
367 silly packumentCache full:https://registry.npmjs.org/dunder-proto set size:undefined disposed:false
368 silly placeDep ROOT dunder-proto@1.0.1 OK for: get-proto@1.0.1 want: ^1.0.1
369 silly placeDep ROOT media-typer@0.3.0 OK for: type-is@1.6.18 want: 0.3.0
370 silly reify moves {}
371 silly audit bulk request {
371 silly audit   'body-parser': [ '1.20.3' ],
371 silly audit   express: [ '4.21.2' ],
371 silly audit   bytes: [ '3.1.2' ],
371 silly audit   'content-type': [ '1.0.5' ],
371 silly audit   debug: [ '2.6.9' ],
371 silly audit   depd: [ '2.0.0' ],
371 silly audit   destroy: [ '1.2.0' ],
371 silly audit   'http-errors': [ '2.0.0' ],
371 silly audit   'iconv-lite': [ '0.4.24' ],
371 silly audit   'on-finished': [ '2.4.1' ],
371 silly audit   qs: [ '6.13.0' ],
371 silly audit   'raw-body': [ '2.5.2' ],
371 silly audit   'type-is': [ '1.6.18' ],
371 silly audit   unpipe: [ '1.0.0' ],
371 silly audit   ms: [ '2.0.0', '2.1.3' ],
371 silly audit   accepts: [ '1.3.8' ],
371 silly audit   'array-flatten': [ '1.1.1' ],
371 silly audit   'content-disposition': [ '0.5.4' ],
371 silly audit   cookie: [ '0.7.1' ],
371 silly audit   'cookie-signature': [ '1.0.6' ],
371 silly audit   encodeurl: [ '2.0.0', '1.0.2' ],
371 silly audit   'escape-html': [ '1.0.3' ],
371 silly audit   etag: [ '1.8.1' ],
371 silly audit   finalhandler: [ '1.3.1' ],
371 silly audit   fresh: [ '0.5.2' ],
371 silly audit   'merge-descriptors': [ '1.0.3' ],
371 silly audit   methods: [ '1.1.2' ],
371 silly audit   parseurl: [ '1.3.3' ],
371 silly audit   'path-to-regexp': [ '0.1.12' ],
371 silly audit   'proxy-addr': [ '2.0.7' ],
371 silly audit   'range-parser': [ '1.2.1' ],
371 silly audit   'safe-buffer': [ '5.2.1' ],
371 silly audit   send: [ '0.19.0' ],
371 silly audit   'serve-static': [ '1.16.2' ],
371 silly audit   setprototypeof: [ '1.2.0' ],
371 silly audit   statuses: [ '2.0.1' ],
371 silly audit   'utils-merge': [ '1.0.1' ],
371 silly audit   vary: [ '1.1.2' ],
371 silly audit   'mime-types': [ '2.1.35' ],
371 silly audit   negotiator: [ '0.6.3' ],
371 silly audit   inherits: [ '2.0.4' ],
371 silly audit   toidentifier: [ '1.0.1' ],
371 silly audit   'safer-buffer': [ '2.1.2' ],
371 silly audit   'mime-db': [ '1.52.0' ],
371 silly audit   'ee-first': [ '1.1.1' ],
371 silly audit   forwarded: [ '0.2.0' ],
371 silly audit   'ipaddr.js': [ '1.9.1' ],
371 silly audit   'side-channel': [ '1.1.0' ],
371 silly audit   mime: [ '1.6.0' ],
371 silly audit   'es-errors': [ '1.3.0' ],
371 silly audit   'object-inspect': [ '1.13.4' ],
371 silly audit   'side-channel-list': [ '1.0.0' ],
371 silly audit   'side-channel-map': [ '1.0.1' ],
371 silly audit   'side-channel-weakmap': [ '1.0.2' ],
371 silly audit   'call-bound': [ '1.0.4' ],
371 silly audit   'get-intrinsic': [ '1.3.0' ],
371 silly audit   'call-bind-apply-helpers': [ '1.0.2' ],
371 silly audit   'function-bind': [ '1.1.2' ],
371 silly audit   'es-define-property': [ '1.0.1' ],
371 silly audit   'es-object-atoms': [ '1.1.1' ],
371 silly audit   'get-proto': [ '1.0.1' ],
371 silly audit   gopd: [ '1.2.0' ],
371 silly audit   'has-symbols': [ '1.1.0' ],
371 silly audit   hasown: [ '2.0.2' ],
371 silly audit   'math-intrinsics': [ '1.1.0' ],
371 silly audit   'dunder-proto': [ '1.0.1' ],
371 silly audit   'media-typer': [ '0.3.0' ]
371 silly audit }
372 silly tarball no local data for dunder-proto@https://registry.npmjs.org/dunder-proto/-/dunder-proto-1.0.1.tgz. Extracting by manifest.
373 silly tarball no local data for math-intrinsics@https://registry.npmjs.org/math-intrinsics/-/math-intrinsics-1.1.0.tgz. Extracting by manifest.
374 silly tarball no local data for hasown@https://registry.npmjs.org/hasown/-/hasown-2.0.2.tgz. Extracting by manifest.
375 silly tarball no local data for has-symbols@https://registry.npmjs.org/has-symbols/-/has-symbols-1.1.0.tgz. Extracting by manifest.
376 silly tarball no local data for get-proto@https://registry.npmjs.org/get-proto/-/get-proto-1.0.1.tgz. Extracting by manifest.
377 silly tarball no local data for gopd@https://registry.npmjs.org/gopd/-/gopd-1.2.0.tgz. Extracting by manifest.
378 silly tarball no local data for es-object-atoms@https://registry.npmjs.org/es-object-atoms/-/es-object-atoms-1.1.1.tgz. Extracting by manifest.
379 silly tarball no local data for es-define-property@https://registry.npmjs.org/es-define-property/-/es-define-property-1.0.1.tgz. Extracting by manifest.
380 silly tarball no local data for function-bind@https://registry.npmjs.org/function-bind/-/function-bind-1.1.2.tgz. Extracting by manifest.
381 silly tarball no local data for call-bind-apply-helpers@https://registry.npmjs.org/call-bind-apply-helpers/-/call-bind-apply-helpers-1.0.2.tgz. Extracting by manifest.
382 silly tarball no local data for get-intrinsic@https://registry.npmjs.org/get-intrinsic/-/get-intrinsic-1.3.0.tgz. Extracting by manifest.
383 silly tarball no local data for call-bound@https://registry.npmjs.org/call-bound/-/call-bound-1.0.4.tgz. Extracting by manifest.
384 silly tarball no local data for side-channel-weakmap@https://registry.npmjs.org/side-channel-weakmap/-/side-channel-weakmap-1.0.2.tgz. Extracting by manifest.
385 silly tarball no local data for side-channel-map@https://registry.npmjs.org/side-channel-map/-/side-channel-map-1.0.1.tgz. Extracting by manifest.
386 silly tarball no local data for object-inspect@https://registry.npmjs.org/object-inspect/-/object-inspect-1.13.4.tgz. Extracting by manifest.
387 silly tarball no local data for side-channel-list@https://registry.npmjs.org/side-channel-list/-/side-channel-list-1.0.0.tgz. Extracting by manifest.
388 silly tarball no local data for es-errors@https://registry.npmjs.org/es-errors/-/es-errors-1.3.0.tgz. Extracting by manifest.
389 silly tarball no local data for side-channel@https://registry.npmjs.org/side-channel/-/side-channel-1.1.0.tgz. Extracting by manifest.
390 silly tarball no local data for serve-static@https://registry.npmjs.org/serve-static/-/serve-static-1.16.2.tgz. Extracting by manifest.
391 silly tarball no local data for send@https://registry.npmjs.org/send/-/send-0.19.0.tgz. Extracting by manifest.
392 silly tarball no local data for path-to-regexp@https://registry.npmjs.org/path-to-regexp/-/path-to-regexp-0.1.12.tgz. Extracting by manifest.
393 silly tarball no local data for merge-descriptors@https://registry.npmjs.org/merge-descriptors/-/merge-descriptors-1.0.3.tgz. Extracting by manifest.
394 silly tarball no local data for finalhandler@https://registry.npmjs.org/finalhandler/-/finalhandler-1.3.1.tgz. Extracting by manifest.
395 silly tarball no local data for encodeurl@https://registry.npmjs.org/encodeurl/-/encodeurl-2.0.0.tgz. Extracting by manifest.
396 silly tarball no local data for cookie@https://registry.npmjs.org/cookie/-/cookie-0.7.1.tgz. Extracting by manifest.
397 silly tarball no local data for qs@https://registry.npmjs.org/qs/-/qs-6.13.0.tgz. Extracting by manifest.
398 silly tarball no local data for express@https://registry.npmjs.org/express/-/express-4.21.2.tgz. Extracting by manifest.
399 silly tarball no local data for body-parser@https://registry.npmjs.org/body-parser/-/body-parser-1.20.3.tgz. Extracting by manifest.
400 http fetch POST 200 https://registry.npmjs.org/-/npm/v1/security/advisories/bulk 357ms
401 silly audit report {}
402 http fetch GET 200 https://registry.npmjs.org/side-channel-list/-/side-channel-list-1.0.0.tgz 944ms (cache miss)
403 http fetch GET 200 https://registry.npmjs.org/side-channel/-/side-channel-1.1.0.tgz 1007ms (cache miss)
404 http fetch GET 200 https://registry.npmjs.org/es-define-property/-/es-define-property-1.0.1.tgz 1043ms (cache miss)
405 http fetch GET 200 https://registry.npmjs.org/path-to-regexp/-/path-to-regexp-0.1.12.tgz 1009ms (cache miss)
406 http fetch GET 200 https://registry.npmjs.org/merge-descriptors/-/merge-descriptors-1.0.3.tgz 1008ms (cache miss)
407 http fetch GET 200 https://registry.npmjs.org/encodeurl/-/encodeurl-2.0.0.tgz 1005ms (cache miss)
408 http fetch GET 200 https://registry.npmjs.org/dunder-proto/-/dunder-proto-1.0.1.tgz 1068ms (cache miss)
409 http fetch GET 200 https://registry.npmjs.org/get-proto/-/get-proto-1.0.1.tgz 1069ms (cache miss)
410 http fetch GET 200 https://registry.npmjs.org/gopd/-/gopd-1.2.0.tgz 1072ms (cache miss)
411 http fetch GET 200 https://registry.npmjs.org/side-channel-weakmap/-/side-channel-weakmap-1.0.2.tgz 1058ms (cache miss)
412 http fetch GET 200 https://registry.npmjs.org/finalhandler/-/finalhandler-1.3.1.tgz 1035ms (cache miss)
413 http fetch GET 200 https://registry.npmjs.org/side-channel-map/-/side-channel-map-1.0.1.tgz 1069ms (cache miss)
414 http fetch GET 200 https://registry.npmjs.org/hasown/-/hasown-2.0.2.tgz 1094ms (cache miss)
415 http fetch GET 200 https://registry.npmjs.org/cookie/-/cookie-0.7.1.tgz 1032ms (cache miss)
416 http fetch GET 200 https://registry.npmjs.org/serve-static/-/serve-static-1.16.2.tgz 1067ms (cache miss)
417 http fetch GET 200 https://registry.npmjs.org/call-bound/-/call-bound-1.0.4.tgz 1093ms (cache miss)
418 http fetch GET 200 https://registry.npmjs.org/es-object-atoms/-/es-object-atoms-1.1.1.tgz 1110ms (cache miss)
419 http fetch GET 200 https://registry.npmjs.org/es-errors/-/es-errors-1.3.0.tgz 1094ms (cache miss)
420 http fetch GET 200 https://registry.npmjs.org/call-bind-apply-helpers/-/call-bind-apply-helpers-1.0.2.tgz 1116ms (cache miss)
421 http fetch GET 200 https://registry.npmjs.org/function-bind/-/function-bind-1.1.2.tgz 1120ms (cache miss)
422 http fetch GET 200 https://registry.npmjs.org/send/-/send-0.19.0.tgz 1091ms (cache miss)
423 http fetch GET 200 https://registry.npmjs.org/get-intrinsic/-/get-intrinsic-1.3.0.tgz 1117ms (cache miss)
424 http fetch GET 200 https://registry.npmjs.org/has-symbols/-/has-symbols-1.1.0.tgz 1133ms (cache miss)
425 http fetch GET 200 https://registry.npmjs.org/body-parser/-/body-parser-1.20.3.tgz 1028ms (cache miss)
426 http fetch GET 200 https://registry.npmjs.org/object-inspect/-/object-inspect-1.13.4.tgz 1132ms (cache miss)
427 http fetch GET 200 https://registry.npmjs.org/math-intrinsics/-/math-intrinsics-1.1.0.tgz 1170ms (cache miss)
428 http fetch GET 200 https://registry.npmjs.org/qs/-/qs-6.13.0.tgz 1091ms (cache miss)
429 http fetch GET 200 https://registry.npmjs.org/express/-/express-4.21.2.tgz 1062ms (cache miss)
430 silly ADD node_modules/media-typer
431 silly ADD node_modules/dunder-proto
432 silly ADD node_modules/math-intrinsics
433 silly ADD node_modules/hasown
434 silly ADD node_modules/has-symbols
435 silly ADD node_modules/gopd
436 silly ADD node_modules/get-proto
437 silly ADD node_modules/es-object-atoms
438 silly ADD node_modules/es-define-property
439 silly ADD node_modules/function-bind
440 silly ADD node_modules/call-bind-apply-helpers
441 silly ADD node_modules/get-intrinsic
442 silly ADD node_modules/call-bound
443 silly ADD node_modules/side-channel-weakmap
444 silly ADD node_modules/side-channel-map
445 silly ADD node_modules/side-channel-list
446 silly ADD node_modules/object-inspect
447 silly ADD node_modules/es-errors
448 silly ADD node_modules/mime
449 silly ADD node_modules/side-channel
450 silly ADD node_modules/ipaddr.js
451 silly ADD node_modules/forwarded
452 silly ADD node_modules/ee-first
453 silly ADD node_modules/mime-db
454 silly ADD node_modules/safer-buffer
455 silly ADD node_modules/toidentifier
456 silly ADD node_modules/inherits
457 silly ADD node_modules/negotiator
458 silly ADD node_modules/mime-types
459 silly ADD node_modules/vary
460 silly ADD node_modules/utils-merge
461 silly ADD node_modules/statuses
462 silly ADD node_modules/setprototypeof
463 silly ADD node_modules/serve-static
464 silly ADD node_modules/send
465 silly ADD node_modules/send/node_modules/ms
466 silly ADD node_modules/send/node_modules/encodeurl
467 silly ADD node_modules/safe-buffer
468 silly ADD node_modules/range-parser
469 silly ADD node_modules/proxy-addr
470 silly ADD node_modules/path-to-regexp
471 silly ADD node_modules/parseurl
472 silly ADD node_modules/methods
473 silly ADD node_modules/merge-descriptors
474 silly ADD node_modules/fresh
475 silly ADD node_modules/finalhandler
476 silly ADD node_modules/etag
477 silly ADD node_modules/escape-html
478 silly ADD node_modules/encodeurl
479 silly ADD node_modules/cookie-signature
480 silly ADD node_modules/cookie
481 silly ADD node_modules/content-disposition
482 silly ADD node_modules/array-flatten
483 silly ADD node_modules/accepts
484 silly ADD node_modules/ms
485 silly ADD node_modules/unpipe
486 silly ADD node_modules/type-is
487 silly ADD node_modules/raw-body
488 silly ADD node_modules/qs
489 silly ADD node_modules/on-finished
490 silly ADD node_modules/iconv-lite
491 silly ADD node_modules/http-errors
492 silly ADD node_modules/destroy
493 silly ADD node_modules/depd
494 silly ADD node_modules/debug
495 silly ADD node_modules/content-type
496 silly ADD node_modules/bytes
497 silly ADD node_modules/express
498 silly ADD node_modules/body-parser
499 verbose cwd /var/www/html
500 verbose os Linux 5.15.0-67-generic
501 verbose node v18.20.8
502 verbose npm  v10.8.2
503 verbose exit 0
504 info ok
