0 verbose cli /usr/bin/node /usr/bin/npm
1 info using npm@10.8.2
2 info using node@v18.20.8
3 silly config load:file:/usr/lib/node_modules/npm/npmrc
4 silly config load:file:/var/www/html/.npmrc
5 silly config load:file:/root/.npmrc
6 silly config load:file:/usr/etc/npmrc
7 verbose title npm install cors
8 verbose argv "install" "cors"
9 verbose logfile logs-max:10 dir:/root/.npm/_logs/2025-10-23T16_13_38_462Z-
10 verbose logfile /root/.npm/_logs/2025-10-23T16_13_38_462Z-debug-0.log
11 silly packumentCache heap:520880128 maxSize:130220032 maxEntrySize:65110016
12 silly logfile start cleaning logs, removing 1 files
13 silly logfile done cleaning log files
14 silly idealTree buildDeps
15 silly fetch manifest cors@*
16 silly packumentCache full:https://registry.npmjs.org/cors cache-miss
17 http fetch GET 200 https://registry.npmjs.org/cors 256ms (cache miss)
18 silly packumentCache full:https://registry.npmjs.org/cors set size:undefined disposed:false
19 silly placeDep ROOT cors@2.8.5 OK for: backend@1.0.0 want: *
20 silly fetch manifest object-assign@^4
21 silly packumentCache full:https://registry.npmjs.org/object-assign cache-miss
22 http fetch GET 200 https://registry.npmjs.org/object-assign 57ms (cache miss)
23 silly packumentCache full:https://registry.npmjs.org/object-assign set size:undefined disposed:false
24 silly placeDep ROOT object-assign@4.1.1 OK for: cors@2.8.5 want: ^4
25 silly reify moves {}
26 silly audit bulk request {
26 silly audit   '@mongodb-js/saslprep': [ '1.3.2' ],
26 silly audit   '@types/webidl-conversions': [ '7.0.3' ],
26 silly audit   '@types/whatwg-url': [ '11.0.5' ],
26 silly audit   accepts: [ '1.3.8' ],
26 silly audit   'array-flatten': [ '1.1.1' ],
26 silly audit   'body-parser': [ '1.20.3' ],
26 silly audit   bson: [ '6.10.4' ],
26 silly audit   bytes: [ '3.1.2' ],
26 silly audit   'call-bind-apply-helpers': [ '1.0.2' ],
26 silly audit   'call-bound': [ '1.0.4' ],
26 silly audit   'content-disposition': [ '0.5.4' ],
26 silly audit   'content-type': [ '1.0.5' ],
26 silly audit   cookie: [ '0.7.1' ],
26 silly audit   'cookie-signature': [ '1.0.6' ],
26 silly audit   debug: [ '2.6.9' ],
26 silly audit   depd: [ '2.0.0' ],
26 silly audit   destroy: [ '1.2.0' ],
26 silly audit   'dunder-proto': [ '1.0.1' ],
26 silly audit   'ee-first': [ '1.1.1' ],
26 silly audit   encodeurl: [ '2.0.0', '1.0.2' ],
26 silly audit   'es-define-property': [ '1.0.1' ],
26 silly audit   'es-errors': [ '1.3.0' ],
26 silly audit   'es-object-atoms': [ '1.1.1' ],
26 silly audit   'escape-html': [ '1.0.3' ],
26 silly audit   etag: [ '1.8.1' ],
26 silly audit   express: [ '4.21.2' ],
26 silly audit   finalhandler: [ '1.3.1' ],
26 silly audit   forwarded: [ '0.2.0' ],
26 silly audit   fresh: [ '0.5.2' ],
26 silly audit   'function-bind': [ '1.1.2' ],
26 silly audit   'get-intrinsic': [ '1.3.0' ],
26 silly audit   'get-proto': [ '1.0.1' ],
26 silly audit   gopd: [ '1.2.0' ],
26 silly audit   'has-symbols': [ '1.1.0' ],
26 silly audit   hasown: [ '2.0.2' ],
26 silly audit   'http-errors': [ '2.0.0' ],
26 silly audit   'iconv-lite': [ '0.4.24' ],
26 silly audit   inherits: [ '2.0.4' ],
26 silly audit   'ipaddr.js': [ '1.9.1' ],
26 silly audit   'math-intrinsics': [ '1.1.0' ],
26 silly audit   'media-typer': [ '0.3.0' ],
26 silly audit   'memory-pager': [ '1.5.0' ],
26 silly audit   'merge-descriptors': [ '1.0.3' ],
26 silly audit   methods: [ '1.1.2' ],
26 silly audit   mime: [ '1.6.0' ],
26 silly audit   'mime-db': [ '1.52.0' ],
26 silly audit   'mime-types': [ '2.1.35' ],
26 silly audit   mongodb: [ '6.20.0' ],
26 silly audit   'mongodb-connection-string-url': [ '3.0.2' ],
26 silly audit   ms: [ '2.0.0', '2.1.3' ],
26 silly audit   negotiator: [ '0.6.3' ],
26 silly audit   'object-inspect': [ '1.13.4' ],
26 silly audit   'on-finished': [ '2.4.1' ],
26 silly audit   parseurl: [ '1.3.3' ],
26 silly audit   'path-to-regexp': [ '0.1.12' ],
26 silly audit   'proxy-addr': [ '2.0.7' ],
26 silly audit   punycode: [ '2.3.1' ],
26 silly audit   qs: [ '6.13.0' ],
26 silly audit   'range-parser': [ '1.2.1' ],
26 silly audit   'raw-body': [ '2.5.2' ],
26 silly audit   'safe-buffer': [ '5.2.1' ],
26 silly audit   'safer-buffer': [ '2.1.2' ],
26 silly audit   send: [ '0.19.0' ],
26 silly audit   'serve-static': [ '1.16.2' ],
26 silly audit   setprototypeof: [ '1.2.0' ],
26 silly audit   'side-channel': [ '1.1.0' ],
26 silly audit   'side-channel-list': [ '1.0.0' ],
26 silly audit   'side-channel-map': [ '1.0.1' ],
26 silly audit   'side-channel-weakmap': [ '1.0.2' ],
26 silly audit   'sparse-bitfield': [ '3.0.3' ],
26 silly audit   statuses: [ '2.0.1' ],
26 silly audit   toidentifier: [ '1.0.1' ],
26 silly audit   tr46: [ '5.1.1' ],
26 silly audit   'type-is': [ '1.6.18' ],
26 silly audit   unpipe: [ '1.0.0' ],
26 silly audit   'utils-merge': [ '1.0.1' ],
26 silly audit   vary: [ '1.1.2' ],
26 silly audit   'webidl-conversions': [ '7.0.0' ],
26 silly audit   'whatwg-url': [ '14.2.0' ],
26 silly audit   cors: [ '2.8.5' ],
26 silly audit   'object-assign': [ '4.1.1' ]
26 silly audit }
27 silly tarball no local data for cors@https://registry.npmjs.org/cors/-/cors-2.8.5.tgz. Extracting by manifest.
28 http fetch GET 200 https://registry.npmjs.org/cors/-/cors-2.8.5.tgz 95ms (cache miss)
29 http fetch POST 200 https://registry.npmjs.org/-/npm/v1/security/advisories/bulk 237ms
30 silly audit report {}
31 silly ADD node_modules/object-assign
32 silly ADD node_modules/cors
33 verbose cwd /var/www/html
34 verbose os Linux 5.15.0-67-generic
35 verbose node v18.20.8
36 verbose npm  v10.8.2
37 verbose exit 0
38 info ok
