0 verbose cli /usr/bin/node /usr/bin/npm
1 info using npm@10.8.2
2 info using node@v18.20.8
3 silly config load:file:/usr/lib/node_modules/npm/npmrc
4 silly config load:file:/var/cop4331Server/.npmrc
5 silly config load:file:/root/.npmrc
6 silly config load:file:/usr/etc/npmrc
7 verbose title npm install
8 verbose argv "install"
9 verbose logfile logs-max:10 dir:/root/.npm/_logs/2025-10-23T18_46_19_613Z-
10 verbose logfile /root/.npm/_logs/2025-10-23T18_46_19_613Z-debug-0.log
11 silly packumentCache heap:520880128 maxSize:130220032 maxEntrySize:65110016
12 silly logfile start cleaning logs, removing 1 files
13 silly logfile done cleaning log files
14 silly idealTree buildDeps
15 silly reify moves {}
16 silly audit bulk request {
16 silly audit   '@mongodb-js/saslprep': [ '1.3.2' ],
16 silly audit   '@types/webidl-conversions': [ '7.0.3' ],
16 silly audit   '@types/whatwg-url': [ '11.0.5' ],
16 silly audit   accepts: [ '1.3.8' ],
16 silly audit   'array-flatten': [ '1.1.1' ],
16 silly audit   'body-parser': [ '1.20.3' ],
16 silly audit   bson: [ '6.10.4' ],
16 silly audit   bytes: [ '3.1.2' ],
16 silly audit   'call-bind-apply-helpers': [ '1.0.2' ],
16 silly audit   'call-bound': [ '1.0.4' ],
16 silly audit   'content-disposition': [ '0.5.4' ],
16 silly audit   'content-type': [ '1.0.5' ],
16 silly audit   cookie: [ '0.7.1' ],
16 silly audit   'cookie-signature': [ '1.0.6' ],
16 silly audit   cors: [ '2.8.5' ],
16 silly audit   debug: [ '2.6.9' ],
16 silly audit   depd: [ '2.0.0' ],
16 silly audit   destroy: [ '1.2.0' ],
16 silly audit   dotenv: [ '17.2.3' ],
16 silly audit   'dunder-proto': [ '1.0.1' ],
16 silly audit   'ee-first': [ '1.1.1' ],
16 silly audit   encodeurl: [ '2.0.0', '1.0.2' ],
16 silly audit   'es-define-property': [ '1.0.1' ],
16 silly audit   'es-errors': [ '1.3.0' ],
16 silly audit   'es-object-atoms': [ '1.1.1' ],
16 silly audit   'escape-html': [ '1.0.3' ],
16 silly audit   etag: [ '1.8.1' ],
16 silly audit   express: [ '4.21.2' ],
16 silly audit   finalhandler: [ '1.3.1' ],
16 silly audit   forwarded: [ '0.2.0' ],
16 silly audit   fresh: [ '0.5.2' ],
16 silly audit   'function-bind': [ '1.1.2' ],
16 silly audit   'get-intrinsic': [ '1.3.0' ],
16 silly audit   'get-proto': [ '1.0.1' ],
16 silly audit   gopd: [ '1.2.0' ],
16 silly audit   'has-symbols': [ '1.1.0' ],
16 silly audit   hasown: [ '2.0.2' ],
16 silly audit   'http-errors': [ '2.0.0' ],
16 silly audit   'iconv-lite': [ '0.4.24' ],
16 silly audit   inherits: [ '2.0.4' ],
16 silly audit   'ipaddr.js': [ '1.9.1' ],
16 silly audit   'math-intrinsics': [ '1.1.0' ],
16 silly audit   'media-typer': [ '0.3.0' ],
16 silly audit   'memory-pager': [ '1.5.0' ],
16 silly audit   'merge-descriptors': [ '1.0.3' ],
16 silly audit   methods: [ '1.1.2' ],
16 silly audit   mime: [ '1.6.0' ],
16 silly audit   'mime-db': [ '1.52.0' ],
16 silly audit   'mime-types': [ '2.1.35' ],
16 silly audit   mongodb: [ '6.20.0' ],
16 silly audit   'mongodb-connection-string-url': [ '3.0.2' ],
16 silly audit   ms: [ '2.0.0', '2.1.3' ],
16 silly audit   negotiator: [ '0.6.3' ],
16 silly audit   'object-assign': [ '4.1.1' ],
16 silly audit   'object-inspect': [ '1.13.4' ],
16 silly audit   'on-finished': [ '2.4.1' ],
16 silly audit   parseurl: [ '1.3.3' ],
16 silly audit   'path-to-regexp': [ '0.1.12' ],
16 silly audit   'proxy-addr': [ '2.0.7' ],
16 silly audit   punycode: [ '2.3.1' ],
16 silly audit   qs: [ '6.13.0' ],
16 silly audit   'range-parser': [ '1.2.1' ],
16 silly audit   'raw-body': [ '2.5.2' ],
16 silly audit   'safe-buffer': [ '5.2.1' ],
16 silly audit   'safer-buffer': [ '2.1.2' ],
16 silly audit   send: [ '0.19.0' ],
16 silly audit   'serve-static': [ '1.16.2' ],
16 silly audit   setprototypeof: [ '1.2.0' ],
16 silly audit   'side-channel': [ '1.1.0' ],
16 silly audit   'side-channel-list': [ '1.0.0' ],
16 silly audit   'side-channel-map': [ '1.0.1' ],
16 silly audit   'side-channel-weakmap': [ '1.0.2' ],
16 silly audit   'sparse-bitfield': [ '3.0.3' ],
16 silly audit   statuses: [ '2.0.1' ],
16 silly audit   toidentifier: [ '1.0.1' ],
16 silly audit   tr46: [ '5.1.1' ],
16 silly audit   'type-is': [ '1.6.18' ],
16 silly audit   unpipe: [ '1.0.0' ],
16 silly audit   'utils-merge': [ '1.0.1' ],
16 silly audit   vary: [ '1.1.2' ],
16 silly audit   'webidl-conversions': [ '7.0.0' ],
16 silly audit   'whatwg-url': [ '14.2.0' ]
16 silly audit }
17 http fetch POST 200 https://registry.npmjs.org/-/npm/v1/security/advisories/bulk 687ms
18 silly audit report {}
19 silly ADD node_modules/whatwg-url
20 silly ADD node_modules/webidl-conversions
21 silly ADD node_modules/vary
22 silly ADD node_modules/utils-merge
23 silly ADD node_modules/unpipe
24 silly ADD node_modules/type-is
25 silly ADD node_modules/tr46
26 silly ADD node_modules/toidentifier
27 silly ADD node_modules/statuses
28 silly ADD node_modules/sparse-bitfield
29 silly ADD node_modules/side-channel-weakmap
30 silly ADD node_modules/side-channel-map
31 silly ADD node_modules/side-channel-list
32 silly ADD node_modules/side-channel
33 silly ADD node_modules/setprototypeof
34 silly ADD node_modules/serve-static
35 silly ADD node_modules/send
36 silly ADD node_modules/send/node_modules/ms
37 silly ADD node_modules/send/node_modules/encodeurl
38 silly ADD node_modules/safer-buffer
39 silly ADD node_modules/safe-buffer
40 silly ADD node_modules/raw-body
41 silly ADD node_modules/range-parser
42 silly ADD node_modules/qs
43 silly ADD node_modules/punycode
44 silly ADD node_modules/proxy-addr
45 silly ADD node_modules/path-to-regexp
46 silly ADD node_modules/parseurl
47 silly ADD node_modules/on-finished
48 silly ADD node_modules/object-inspect
49 silly ADD node_modules/object-assign
50 silly ADD node_modules/negotiator
51 silly ADD node_modules/ms
52 silly ADD node_modules/mongodb-connection-string-url
53 silly ADD node_modules/mongodb
54 silly ADD node_modules/mime-types
55 silly ADD node_modules/mime-db
56 silly ADD node_modules/mime
57 silly ADD node_modules/methods
58 silly ADD node_modules/merge-descriptors
59 silly ADD node_modules/memory-pager
60 silly ADD node_modules/media-typer
61 silly ADD node_modules/math-intrinsics
62 silly ADD node_modules/ipaddr.js
63 silly ADD node_modules/inherits
64 silly ADD node_modules/iconv-lite
65 silly ADD node_modules/http-errors
66 silly ADD node_modules/hasown
67 silly ADD node_modules/has-symbols
68 silly ADD node_modules/gopd
69 silly ADD node_modules/get-proto
70 silly ADD node_modules/get-intrinsic
71 silly ADD node_modules/function-bind
72 silly ADD node_modules/fresh
73 silly ADD node_modules/forwarded
74 silly ADD node_modules/finalhandler
75 silly ADD node_modules/express
76 silly ADD node_modules/etag
77 silly ADD node_modules/escape-html
78 silly ADD node_modules/es-object-atoms
79 silly ADD node_modules/es-errors
80 silly ADD node_modules/es-define-property
81 silly ADD node_modules/encodeurl
82 silly ADD node_modules/ee-first
83 silly ADD node_modules/dunder-proto
84 silly ADD node_modules/dotenv
85 silly ADD node_modules/destroy
86 silly ADD node_modules/depd
87 silly ADD node_modules/debug
88 silly ADD node_modules/cors
89 silly ADD node_modules/cookie-signature
90 silly ADD node_modules/cookie
91 silly ADD node_modules/content-type
92 silly ADD node_modules/content-disposition
93 silly ADD node_modules/call-bound
94 silly ADD node_modules/call-bind-apply-helpers
95 silly ADD node_modules/bytes
96 silly ADD node_modules/bson
97 silly ADD node_modules/body-parser
98 silly ADD node_modules/array-flatten
99 silly ADD node_modules/accepts
100 silly ADD node_modules/@types/whatwg-url
101 silly ADD node_modules/@types/webidl-conversions
102 silly ADD node_modules/@mongodb-js/saslprep
103 verbose cwd /var/cop4331Server
104 verbose os Linux 5.15.0-67-generic
105 verbose node v18.20.8
106 verbose npm  v10.8.2
107 verbose exit 0
108 info ok
